{"C:\\laragon\\www\\ProjetGithub\\be-moovie-project\\server\\app.js": {"path":"C:\\laragon\\www\\ProjetGithub\\be-moovie-project\\server\\app.js","statementMap":{"0":{"start":{"line":1,"column":16},"end":{"line":1,"column":34}},"1":{"start":{"line":2,"column":12},"end":{"line":2,"column":21}},"2":{"start":{"line":3,"column":18},"end":{"line":3,"column":48}},"3":{"start":{"line":4,"column":18},"end":{"line":4,"column":49}},"4":{"start":{"line":5,"column":21},"end":{"line":5,"column":53}},"5":{"start":{"line":6,"column":21},"end":{"line":6,"column":53}},"6":{"start":{"line":7,"column":23},"end":{"line":7,"column":57}},"7":{"start":{"line":8,"column":19},"end":{"line":8,"column":50}},"8":{"start":{"line":9,"column":26},"end":{"line":9,"column":62}},"9":{"start":{"line":10,"column":15},"end":{"line":10,"column":32}},"10":{"start":{"line":11,"column":13},"end":{"line":11,"column":28}},"11":{"start":{"line":12,"column":13},"end":{"line":12,"column":28}},"12":{"start":{"line":15,"column":0},"end":{"line":15,"column":18}},"13":{"start":{"line":17,"column":0},"end":{"line":17,"column":24}},"14":{"start":{"line":18,"column":0},"end":{"line":18,"column":48}},"15":{"start":{"line":21,"column":20},"end":{"line":29,"column":1}},"16":{"start":{"line":30,"column":0},"end":{"line":30,"column":27}},"17":{"start":{"line":33,"column":0},"end":{"line":33,"column":32}},"18":{"start":{"line":34,"column":0},"end":{"line":34,"column":32}},"19":{"start":{"line":35,"column":0},"end":{"line":35,"column":42}},"20":{"start":{"line":36,"column":0},"end":{"line":36,"column":42}},"21":{"start":{"line":37,"column":0},"end":{"line":37,"column":46}},"22":{"start":{"line":38,"column":0},"end":{"line":38,"column":33}},"23":{"start":{"line":39,"column":0},"end":{"line":39,"column":48}},"24":{"start":{"line":42,"column":0},"end":{"line":42,"column":40}},"25":{"start":{"line":43,"column":0},"end":{"line":43,"column":75}},"26":{"start":{"line":44,"column":0},"end":{"line":44,"column":70}},"27":{"start":{"line":49,"column":0},"end":{"line":49,"column":21}}},"fnMap":{},"branchMap":{},"s":{"0":1,"1":1,"2":1,"3":1,"4":1,"5":1,"6":1,"7":1,"8":1,"9":1,"10":1,"11":1,"12":1,"13":1,"14":1,"15":1,"16":1,"17":1,"18":1,"19":1,"20":1,"21":1,"22":1,"23":1,"24":1,"25":1,"26":1,"27":1},"f":{},"b":{},"_coverageSchema":"1a1c01bbd47fc00a2c39e90264f33305004495a9","hash":"3d697526d40b2044c55724f57288b3f875b45b6e"}
,"C:\\laragon\\www\\ProjetGithub\\be-moovie-project\\server\\controllers\\auth.controller.js": {"path":"C:\\laragon\\www\\ProjetGithub\\be-moovie-project\\server\\controllers\\auth.controller.js","statementMap":{"0":{"start":{"line":1,"column":15},"end":{"line":1,"column":32}},"1":{"start":{"line":2,"column":18},"end":{"line":2,"column":49}},"2":{"start":{"line":3,"column":12},"end":{"line":3,"column":26}},"3":{"start":{"line":8,"column":4},"end":{"line":8,"column":40}},"4":{"start":{"line":10,"column":0},"end":{"line":48,"column":2}},"5":{"start":{"line":11,"column":17},"end":{"line":11,"column":44}},"6":{"start":{"line":12,"column":19},"end":{"line":12,"column":48}},"7":{"start":{"line":13,"column":26},"end":{"line":13,"column":62}},"8":{"start":{"line":14,"column":16},"end":{"line":14,"column":42}},"9":{"start":{"line":15,"column":19},"end":{"line":15,"column":48}},"10":{"start":{"line":17,"column":4},"end":{"line":17,"column":73}},"11":{"start":{"line":19,"column":2},"end":{"line":47,"column":3}},"12":{"start":{"line":20,"column":4},"end":{"line":22,"column":5}},"13":{"start":{"line":21,"column":6},"end":{"line":21,"column":55}},"14":{"start":{"line":23,"column":4},"end":{"line":44,"column":9}},"15":{"start":{"line":26,"column":21},"end":{"line":32,"column":10}},"16":{"start":{"line":33,"column":8},"end":{"line":40,"column":13}},"17":{"start":{"line":36,"column":12},"end":{"line":36,"column":39}},"18":{"start":{"line":39,"column":12},"end":{"line":39,"column":40}},"19":{"start":{"line":43,"column":8},"end":{"line":43,"column":36}},"20":{"start":{"line":46,"column":4},"end":{"line":46,"column":32}},"21":{"start":{"line":50,"column":0},"end":{"line":80,"column":2}},"22":{"start":{"line":51,"column":16},"end":{"line":51,"column":42}},"23":{"start":{"line":52,"column":19},"end":{"line":52,"column":48}},"24":{"start":{"line":54,"column":2},"end":{"line":79,"column":62}},"25":{"start":{"line":56,"column":6},"end":{"line":58,"column":7}},"26":{"start":{"line":57,"column":8},"end":{"line":57,"column":64}},"27":{"start":{"line":59,"column":6},"end":{"line":77,"column":11}},"28":{"start":{"line":62,"column":10},"end":{"line":64,"column":11}},"29":{"start":{"line":63,"column":12},"end":{"line":63,"column":68}},"30":{"start":{"line":65,"column":24},"end":{"line":65,"column":45}},"31":{"start":{"line":66,"column":31},"end":{"line":66,"column":53}},"32":{"start":{"line":72,"column":10},"end":{"line":72,"column":50}},"33":{"start":{"line":73,"column":10},"end":{"line":73,"column":77}},"34":{"start":{"line":76,"column":10},"end":{"line":76,"column":52}},"35":{"start":{"line":79,"column":22},"end":{"line":79,"column":60}}},"fnMap":{"0":{"name":"(anonymous_0)","decl":{"start":{"line":10,"column":17},"end":{"line":10,"column":18}},"loc":{"start":{"line":10,"column":31},"end":{"line":48,"column":1}},"line":10},"1":{"name":"(anonymous_1)","decl":{"start":{"line":25,"column":12},"end":{"line":25,"column":13}},"loc":{"start":{"line":25,"column":22},"end":{"line":41,"column":7}},"line":25},"2":{"name":"(anonymous_2)","decl":{"start":{"line":35,"column":16},"end":{"line":35,"column":17}},"loc":{"start":{"line":35,"column":26},"end":{"line":37,"column":11}},"line":35},"3":{"name":"(anonymous_3)","decl":{"start":{"line":38,"column":17},"end":{"line":38,"column":18}},"loc":{"start":{"line":38,"column":28},"end":{"line":40,"column":11}},"line":38},"4":{"name":"(anonymous_4)","decl":{"start":{"line":42,"column":13},"end":{"line":42,"column":14}},"loc":{"start":{"line":42,"column":24},"end":{"line":44,"column":7}},"line":42},"5":{"name":"(anonymous_5)","decl":{"start":{"line":50,"column":17},"end":{"line":50,"column":18}},"loc":{"start":{"line":50,"column":31},"end":{"line":80,"column":1}},"line":50},"6":{"name":"(anonymous_6)","decl":{"start":{"line":55,"column":10},"end":{"line":55,"column":11}},"loc":{"start":{"line":55,"column":20},"end":{"line":78,"column":5}},"line":55},"7":{"name":"(anonymous_7)","decl":{"start":{"line":61,"column":14},"end":{"line":61,"column":15}},"loc":{"start":{"line":61,"column":25},"end":{"line":74,"column":9}},"line":61},"8":{"name":"(anonymous_8)","decl":{"start":{"line":75,"column":15},"end":{"line":75,"column":16}},"loc":{"start":{"line":75,"column":26},"end":{"line":77,"column":9}},"line":75},"9":{"name":"(anonymous_9)","decl":{"start":{"line":79,"column":11},"end":{"line":79,"column":12}},"loc":{"start":{"line":79,"column":22},"end":{"line":79,"column":60}},"line":79}},"branchMap":{"0":{"loc":{"start":{"line":17,"column":4},"end":{"line":17,"column":73}},"type":"cond-expr","locations":[{"start":{"line":17,"column":35},"end":{"line":17,"column":68}},{"start":{"line":17,"column":71},"end":{"line":17,"column":73}}],"line":17},"1":{"loc":{"start":{"line":20,"column":4},"end":{"line":22,"column":5}},"type":"if","locations":[{"start":{"line":20,"column":4},"end":{"line":22,"column":5}},{"start":{"line":20,"column":4},"end":{"line":22,"column":5}}],"line":20},"2":{"loc":{"start":{"line":56,"column":6},"end":{"line":58,"column":7}},"type":"if","locations":[{"start":{"line":56,"column":6},"end":{"line":58,"column":7}},{"start":{"line":56,"column":6},"end":{"line":58,"column":7}}],"line":56},"3":{"loc":{"start":{"line":62,"column":10},"end":{"line":64,"column":11}},"type":"if","locations":[{"start":{"line":62,"column":10},"end":{"line":64,"column":11}},{"start":{"line":62,"column":10},"end":{"line":64,"column":11}}],"line":62}},"s":{"0":1,"1":1,"2":1,"3":1,"4":1,"5":1,"6":1,"7":1,"8":1,"9":1,"10":1,"11":1,"12":1,"13":0,"14":1,"15":1,"16":1,"17":0,"18":1,"19":0,"20":0,"21":1,"22":0,"23":0,"24":0,"25":0,"26":0,"27":0,"28":0,"29":0,"30":0,"31":0,"32":0,"33":0,"34":0,"35":0},"f":{"0":1,"1":1,"2":0,"3":1,"4":0,"5":0,"6":0,"7":0,"8":0,"9":0},"b":{"0":[0,1],"1":[0,1],"2":[0,0],"3":[0,0]},"_coverageSchema":"1a1c01bbd47fc00a2c39e90264f33305004495a9","hash":"3de64da740da202f161294d4e98c8491b92effa3"}
,"C:\\laragon\\www\\ProjetGithub\\be-moovie-project\\server\\controllers\\favoris.contoller.js": {"path":"C:\\laragon\\www\\ProjetGithub\\be-moovie-project\\server\\controllers\\favoris.contoller.js","statementMap":{"0":{"start":{"line":1,"column":18},"end":{"line":1,"column":49}},"1":{"start":{"line":2,"column":21},"end":{"line":2,"column":57}},"2":{"start":{"line":9,"column":0},"end":{"line":41,"column":2}},"3":{"start":{"line":11,"column":17},"end":{"line":11,"column":27}},"4":{"start":{"line":12,"column":16},"end":{"line":12,"column":55}},"5":{"start":{"line":13,"column":17},"end":{"line":13,"column":46}},"6":{"start":{"line":15,"column":2},"end":{"line":40,"column":5}},"7":{"start":{"line":20,"column":18},"end":{"line":20,"column":66}},"8":{"start":{"line":20,"column":54},"end":{"line":20,"column":65}},"9":{"start":{"line":22,"column":4},"end":{"line":39,"column":5}},"10":{"start":{"line":23,"column":6},"end":{"line":25,"column":7}},"11":{"start":{"line":24,"column":8},"end":{"line":24,"column":43}},"12":{"start":{"line":26,"column":6},"end":{"line":36,"column":8}},"13":{"start":{"line":31,"column":10},"end":{"line":33,"column":11}},"14":{"start":{"line":32,"column":12},"end":{"line":32,"column":22}},"15":{"start":{"line":34,"column":10},"end":{"line":34,"column":36}},"16":{"start":{"line":38,"column":6},"end":{"line":38,"column":38}},"17":{"start":{"line":48,"column":0},"end":{"line":81,"column":2}},"18":{"start":{"line":49,"column":17},"end":{"line":49,"column":27}},"19":{"start":{"line":50,"column":16},"end":{"line":50,"column":55}},"20":{"start":{"line":51,"column":17},"end":{"line":51,"column":46}},"21":{"start":{"line":53,"column":2},"end":{"line":80,"column":5}},"22":{"start":{"line":58,"column":18},"end":{"line":58,"column":66}},"23":{"start":{"line":58,"column":54},"end":{"line":58,"column":65}},"24":{"start":{"line":59,"column":4},"end":{"line":79,"column":5}},"25":{"start":{"line":60,"column":6},"end":{"line":62,"column":7}},"26":{"start":{"line":61,"column":8},"end":{"line":61,"column":34}},"27":{"start":{"line":63,"column":29},"end":{"line":63,"column":79}},"28":{"start":{"line":63,"column":67},"end":{"line":63,"column":78}},"29":{"start":{"line":64,"column":6},"end":{"line":76,"column":8}},"30":{"start":{"line":71,"column":10},"end":{"line":73,"column":11}},"31":{"start":{"line":72,"column":12},"end":{"line":72,"column":22}},"32":{"start":{"line":74,"column":10},"end":{"line":74,"column":36}},"33":{"start":{"line":78,"column":6},"end":{"line":78,"column":38}},"34":{"start":{"line":89,"column":0},"end":{"line":120,"column":2}},"35":{"start":{"line":90,"column":17},"end":{"line":90,"column":27}},"36":{"start":{"line":91,"column":16},"end":{"line":91,"column":55}},"37":{"start":{"line":92,"column":17},"end":{"line":92,"column":46}},"38":{"start":{"line":94,"column":2},"end":{"line":119,"column":5}},"39":{"start":{"line":99,"column":18},"end":{"line":99,"column":66}},"40":{"start":{"line":99,"column":54},"end":{"line":99,"column":65}},"41":{"start":{"line":101,"column":4},"end":{"line":118,"column":5}},"42":{"start":{"line":102,"column":6},"end":{"line":104,"column":7}},"43":{"start":{"line":103,"column":8},"end":{"line":103,"column":43}},"44":{"start":{"line":105,"column":6},"end":{"line":115,"column":8}},"45":{"start":{"line":110,"column":10},"end":{"line":112,"column":11}},"46":{"start":{"line":111,"column":12},"end":{"line":111,"column":22}},"47":{"start":{"line":113,"column":10},"end":{"line":113,"column":36}},"48":{"start":{"line":117,"column":6},"end":{"line":117,"column":38}},"49":{"start":{"line":128,"column":0},"end":{"line":159,"column":2}},"50":{"start":{"line":129,"column":17},"end":{"line":129,"column":27}},"51":{"start":{"line":130,"column":16},"end":{"line":130,"column":55}},"52":{"start":{"line":131,"column":17},"end":{"line":131,"column":46}},"53":{"start":{"line":133,"column":2},"end":{"line":158,"column":5}},"54":{"start":{"line":138,"column":18},"end":{"line":138,"column":66}},"55":{"start":{"line":138,"column":54},"end":{"line":138,"column":65}},"56":{"start":{"line":139,"column":4},"end":{"line":157,"column":5}},"57":{"start":{"line":140,"column":6},"end":{"line":142,"column":7}},"58":{"start":{"line":141,"column":8},"end":{"line":141,"column":34}},"59":{"start":{"line":143,"column":29},"end":{"line":143,"column":79}},"60":{"start":{"line":143,"column":67},"end":{"line":143,"column":78}},"61":{"start":{"line":144,"column":6},"end":{"line":154,"column":8}},"62":{"start":{"line":149,"column":10},"end":{"line":151,"column":11}},"63":{"start":{"line":150,"column":12},"end":{"line":150,"column":22}},"64":{"start":{"line":152,"column":10},"end":{"line":152,"column":36}},"65":{"start":{"line":156,"column":6},"end":{"line":156,"column":38}}},"fnMap":{"0":{"name":"(anonymous_0)","decl":{"start":{"line":9,"column":26},"end":{"line":9,"column":27}},"loc":{"start":{"line":9,"column":40},"end":{"line":41,"column":1}},"line":9},"1":{"name":"(anonymous_1)","decl":{"start":{"line":15,"column":42},"end":{"line":15,"column":43}},"loc":{"start":{"line":15,"column":58},"end":{"line":40,"column":3}},"line":15},"2":{"name":"(anonymous_2)","decl":{"start":{"line":20,"column":43},"end":{"line":20,"column":44}},"loc":{"start":{"line":20,"column":54},"end":{"line":20,"column":65}},"line":20},"3":{"name":"(anonymous_3)","decl":{"start":{"line":30,"column":8},"end":{"line":30,"column":9}},"loc":{"start":{"line":30,"column":22},"end":{"line":35,"column":9}},"line":30},"4":{"name":"(anonymous_4)","decl":{"start":{"line":48,"column":29},"end":{"line":48,"column":30}},"loc":{"start":{"line":48,"column":43},"end":{"line":81,"column":1}},"line":48},"5":{"name":"(anonymous_5)","decl":{"start":{"line":53,"column":42},"end":{"line":53,"column":43}},"loc":{"start":{"line":53,"column":58},"end":{"line":80,"column":3}},"line":53},"6":{"name":"(anonymous_6)","decl":{"start":{"line":58,"column":43},"end":{"line":58,"column":44}},"loc":{"start":{"line":58,"column":54},"end":{"line":58,"column":65}},"line":58},"7":{"name":"(anonymous_7)","decl":{"start":{"line":63,"column":56},"end":{"line":63,"column":57}},"loc":{"start":{"line":63,"column":67},"end":{"line":63,"column":78}},"line":63},"8":{"name":"(anonymous_8)","decl":{"start":{"line":70,"column":8},"end":{"line":70,"column":9}},"loc":{"start":{"line":70,"column":22},"end":{"line":75,"column":9}},"line":70},"9":{"name":"(anonymous_9)","decl":{"start":{"line":89,"column":26},"end":{"line":89,"column":27}},"loc":{"start":{"line":89,"column":40},"end":{"line":120,"column":1}},"line":89},"10":{"name":"(anonymous_10)","decl":{"start":{"line":94,"column":42},"end":{"line":94,"column":43}},"loc":{"start":{"line":94,"column":58},"end":{"line":119,"column":3}},"line":94},"11":{"name":"(anonymous_11)","decl":{"start":{"line":99,"column":43},"end":{"line":99,"column":44}},"loc":{"start":{"line":99,"column":54},"end":{"line":99,"column":65}},"line":99},"12":{"name":"(anonymous_12)","decl":{"start":{"line":109,"column":8},"end":{"line":109,"column":9}},"loc":{"start":{"line":109,"column":22},"end":{"line":114,"column":9}},"line":109},"13":{"name":"(anonymous_13)","decl":{"start":{"line":128,"column":29},"end":{"line":128,"column":30}},"loc":{"start":{"line":128,"column":43},"end":{"line":159,"column":1}},"line":128},"14":{"name":"(anonymous_14)","decl":{"start":{"line":133,"column":42},"end":{"line":133,"column":43}},"loc":{"start":{"line":133,"column":58},"end":{"line":158,"column":3}},"line":133},"15":{"name":"(anonymous_15)","decl":{"start":{"line":138,"column":43},"end":{"line":138,"column":44}},"loc":{"start":{"line":138,"column":54},"end":{"line":138,"column":65}},"line":138},"16":{"name":"(anonymous_16)","decl":{"start":{"line":143,"column":56},"end":{"line":143,"column":57}},"loc":{"start":{"line":143,"column":67},"end":{"line":143,"column":78}},"line":143},"17":{"name":"(anonymous_17)","decl":{"start":{"line":148,"column":8},"end":{"line":148,"column":9}},"loc":{"start":{"line":148,"column":22},"end":{"line":153,"column":9}},"line":148}},"branchMap":{"0":{"loc":{"start":{"line":23,"column":6},"end":{"line":25,"column":7}},"type":"if","locations":[{"start":{"line":23,"column":6},"end":{"line":25,"column":7}},{"start":{"line":23,"column":6},"end":{"line":25,"column":7}}],"line":23},"1":{"loc":{"start":{"line":31,"column":10},"end":{"line":33,"column":11}},"type":"if","locations":[{"start":{"line":31,"column":10},"end":{"line":33,"column":11}},{"start":{"line":31,"column":10},"end":{"line":33,"column":11}}],"line":31},"2":{"loc":{"start":{"line":60,"column":6},"end":{"line":62,"column":7}},"type":"if","locations":[{"start":{"line":60,"column":6},"end":{"line":62,"column":7}},{"start":{"line":60,"column":6},"end":{"line":62,"column":7}}],"line":60},"3":{"loc":{"start":{"line":71,"column":10},"end":{"line":73,"column":11}},"type":"if","locations":[{"start":{"line":71,"column":10},"end":{"line":73,"column":11}},{"start":{"line":71,"column":10},"end":{"line":73,"column":11}}],"line":71},"4":{"loc":{"start":{"line":102,"column":6},"end":{"line":104,"column":7}},"type":"if","locations":[{"start":{"line":102,"column":6},"end":{"line":104,"column":7}},{"start":{"line":102,"column":6},"end":{"line":104,"column":7}}],"line":102},"5":{"loc":{"start":{"line":110,"column":10},"end":{"line":112,"column":11}},"type":"if","locations":[{"start":{"line":110,"column":10},"end":{"line":112,"column":11}},{"start":{"line":110,"column":10},"end":{"line":112,"column":11}}],"line":110},"6":{"loc":{"start":{"line":140,"column":6},"end":{"line":142,"column":7}},"type":"if","locations":[{"start":{"line":140,"column":6},"end":{"line":142,"column":7}},{"start":{"line":140,"column":6},"end":{"line":142,"column":7}}],"line":140},"7":{"loc":{"start":{"line":149,"column":10},"end":{"line":151,"column":11}},"type":"if","locations":[{"start":{"line":149,"column":10},"end":{"line":151,"column":11}},{"start":{"line":149,"column":10},"end":{"line":151,"column":11}}],"line":149}},"s":{"0":1,"1":1,"2":1,"3":0,"4":0,"5":0,"6":0,"7":0,"8":0,"9":0,"10":0,"11":0,"12":0,"13":0,"14":0,"15":0,"16":0,"17":1,"18":0,"19":0,"20":0,"21":0,"22":0,"23":0,"24":0,"25":0,"26":0,"27":0,"28":0,"29":0,"30":0,"31":0,"32":0,"33":0,"34":1,"35":0,"36":0,"37":0,"38":0,"39":0,"40":0,"41":0,"42":0,"43":0,"44":0,"45":0,"46":0,"47":0,"48":0,"49":1,"50":0,"51":0,"52":0,"53":0,"54":0,"55":0,"56":0,"57":0,"58":0,"59":0,"60":0,"61":0,"62":0,"63":0,"64":0,"65":0},"f":{"0":0,"1":0,"2":0,"3":0,"4":0,"5":0,"6":0,"7":0,"8":0,"9":0,"10":0,"11":0,"12":0,"13":0,"14":0,"15":0,"16":0,"17":0},"b":{"0":[0,0],"1":[0,0],"2":[0,0],"3":[0,0],"4":[0,0],"5":[0,0],"6":[0,0],"7":[0,0]},"_coverageSchema":"1a1c01bbd47fc00a2c39e90264f33305004495a9","hash":"d6c70f91d03779b2a81f20521a995adb6660f598"}
,"C:\\laragon\\www\\ProjetGithub\\be-moovie-project\\server\\controllers\\post.controller.js": {"path":"C:\\laragon\\www\\ProjetGithub\\be-moovie-project\\server\\controllers\\post.controller.js","statementMap":{"0":{"start":{"line":1,"column":18},"end":{"line":1,"column":49}},"1":{"start":{"line":2,"column":12},"end":{"line":2,"column":26}},"2":{"start":{"line":3,"column":17},"end":{"line":3,"column":51}},"3":{"start":{"line":6,"column":15},"end":{"line":43,"column":3}},"4":{"start":{"line":7,"column":19},"end":{"line":7,"column":21}},"5":{"start":{"line":8,"column":19},"end":{"line":8,"column":21}},"6":{"start":{"line":9,"column":24},"end":{"line":9,"column":32}},"7":{"start":{"line":10,"column":15},"end":{"line":14,"column":5}},"8":{"start":{"line":16,"column":4},"end":{"line":26,"column":5}},"9":{"start":{"line":17,"column":6},"end":{"line":17,"column":70}},"10":{"start":{"line":18,"column":6},"end":{"line":18,"column":35}},"11":{"start":{"line":19,"column":6},"end":{"line":25,"column":8}},"12":{"start":{"line":28,"column":20},"end":{"line":28,"column":39}},"13":{"start":{"line":30,"column":4},"end":{"line":42,"column":5}},"14":{"start":{"line":31,"column":6},"end":{"line":39,"column":11}},"15":{"start":{"line":34,"column":10},"end":{"line":34,"column":37}},"16":{"start":{"line":35,"column":10},"end":{"line":35,"column":44}},"17":{"start":{"line":38,"column":10},"end":{"line":38,"column":38}},"18":{"start":{"line":41,"column":6},"end":{"line":41,"column":34}},"19":{"start":{"line":45,"column":16},"end":{"line":53,"column":3}},"20":{"start":{"line":46,"column":4},"end":{"line":52,"column":53}},"21":{"start":{"line":50,"column":8},"end":{"line":50,"column":36}},"22":{"start":{"line":52,"column":24},"end":{"line":52,"column":51}},"23":{"start":{"line":54,"column":16},"end":{"line":69,"column":3}},"24":{"start":{"line":55,"column":19},"end":{"line":55,"column":29}},"25":{"start":{"line":59,"column":4},"end":{"line":61,"column":5}},"26":{"start":{"line":60,"column":6},"end":{"line":60,"column":76}},"27":{"start":{"line":63,"column":4},"end":{"line":68,"column":53}},"28":{"start":{"line":66,"column":8},"end":{"line":66,"column":35}},"29":{"start":{"line":68,"column":24},"end":{"line":68,"column":51}},"30":{"start":{"line":71,"column":13},"end":{"line":89,"column":3}},"31":{"start":{"line":72,"column":19},"end":{"line":72,"column":29}},"32":{"start":{"line":73,"column":20},"end":{"line":73,"column":48}},"33":{"start":{"line":74,"column":4},"end":{"line":76,"column":5}},"34":{"start":{"line":75,"column":6},"end":{"line":75,"column":76}},"35":{"start":{"line":78,"column":4},"end":{"line":88,"column":22}},"36":{"start":{"line":79,"column":6},"end":{"line":87,"column":8}},"37":{"start":{"line":84,"column":10},"end":{"line":84,"column":29}},"38":{"start":{"line":84,"column":19},"end":{"line":84,"column":29}},"39":{"start":{"line":85,"column":10},"end":{"line":85,"column":36}},"40":{"start":{"line":91,"column":14},"end":{"line":106,"column":3}},"41":{"start":{"line":92,"column":4},"end":{"line":96,"column":5}},"42":{"start":{"line":93,"column":6},"end":{"line":95,"column":63}},"43":{"start":{"line":98,"column":4},"end":{"line":105,"column":49}},"44":{"start":{"line":101,"column":8},"end":{"line":103,"column":72}},"45":{"start":{"line":105,"column":22},"end":{"line":105,"column":47}},"46":{"start":{"line":109,"column":0},"end":{"line":109,"column":32}}},"fnMap":{"0":{"name":"(anonymous_0)","decl":{"start":{"line":6,"column":15},"end":{"line":6,"column":16}},"loc":{"start":{"line":6,"column":29},"end":{"line":43,"column":3}},"line":6},"1":{"name":"(anonymous_1)","decl":{"start":{"line":33,"column":14},"end":{"line":33,"column":15}},"loc":{"start":{"line":33,"column":24},"end":{"line":36,"column":9}},"line":33},"2":{"name":"(anonymous_2)","decl":{"start":{"line":37,"column":15},"end":{"line":37,"column":16}},"loc":{"start":{"line":37,"column":26},"end":{"line":39,"column":9}},"line":37},"3":{"name":"(anonymous_3)","decl":{"start":{"line":45,"column":16},"end":{"line":45,"column":17}},"loc":{"start":{"line":45,"column":36},"end":{"line":53,"column":3}},"line":45},"4":{"name":"(anonymous_4)","decl":{"start":{"line":49,"column":12},"end":{"line":49,"column":13}},"loc":{"start":{"line":49,"column":23},"end":{"line":51,"column":7}},"line":49},"5":{"name":"(anonymous_5)","decl":{"start":{"line":52,"column":13},"end":{"line":52,"column":14}},"loc":{"start":{"line":52,"column":24},"end":{"line":52,"column":51}},"line":52},"6":{"name":"(anonymous_6)","decl":{"start":{"line":54,"column":16},"end":{"line":54,"column":17}},"loc":{"start":{"line":54,"column":42},"end":{"line":69,"column":3}},"line":54},"7":{"name":"(anonymous_7)","decl":{"start":{"line":65,"column":12},"end":{"line":65,"column":13}},"loc":{"start":{"line":65,"column":22},"end":{"line":67,"column":7}},"line":65},"8":{"name":"(anonymous_8)","decl":{"start":{"line":68,"column":13},"end":{"line":68,"column":14}},"loc":{"start":{"line":68,"column":24},"end":{"line":68,"column":51}},"line":68},"9":{"name":"(anonymous_9)","decl":{"start":{"line":71,"column":13},"end":{"line":71,"column":14}},"loc":{"start":{"line":71,"column":27},"end":{"line":89,"column":3}},"line":71},"10":{"name":"(anonymous_10)","decl":{"start":{"line":83,"column":8},"end":{"line":83,"column":9}},"loc":{"start":{"line":83,"column":22},"end":{"line":86,"column":9}},"line":83},"11":{"name":"(anonymous_11)","decl":{"start":{"line":91,"column":14},"end":{"line":91,"column":15}},"loc":{"start":{"line":91,"column":34},"end":{"line":106,"column":3}},"line":91},"12":{"name":"(anonymous_12)","decl":{"start":{"line":100,"column":12},"end":{"line":100,"column":13}},"loc":{"start":{"line":101,"column":8},"end":{"line":103,"column":72}},"line":101},"13":{"name":"(anonymous_13)","decl":{"start":{"line":105,"column":13},"end":{"line":105,"column":14}},"loc":{"start":{"line":105,"column":22},"end":{"line":105,"column":47}},"line":105}},"branchMap":{"0":{"loc":{"start":{"line":16,"column":4},"end":{"line":26,"column":5}},"type":"if","locations":[{"start":{"line":16,"column":4},"end":{"line":26,"column":5}},{"start":{"line":16,"column":4},"end":{"line":26,"column":5}}],"line":16},"1":{"loc":{"start":{"line":59,"column":4},"end":{"line":61,"column":5}},"type":"if","locations":[{"start":{"line":59,"column":4},"end":{"line":61,"column":5}},{"start":{"line":59,"column":4},"end":{"line":61,"column":5}}],"line":59},"2":{"loc":{"start":{"line":74,"column":4},"end":{"line":76,"column":5}},"type":"if","locations":[{"start":{"line":74,"column":4},"end":{"line":76,"column":5}},{"start":{"line":74,"column":4},"end":{"line":76,"column":5}}],"line":74},"3":{"loc":{"start":{"line":84,"column":10},"end":{"line":84,"column":29}},"type":"if","locations":[{"start":{"line":84,"column":10},"end":{"line":84,"column":29}},{"start":{"line":84,"column":10},"end":{"line":84,"column":29}}],"line":84},"4":{"loc":{"start":{"line":92,"column":4},"end":{"line":96,"column":5}},"type":"if","locations":[{"start":{"line":92,"column":4},"end":{"line":96,"column":5}},{"start":{"line":92,"column":4},"end":{"line":96,"column":5}}],"line":92}},"s":{"0":1,"1":1,"2":1,"3":1,"4":0,"5":0,"6":0,"7":0,"8":0,"9":0,"10":0,"11":0,"12":0,"13":0,"14":0,"15":0,"16":0,"17":0,"18":0,"19":1,"20":0,"21":0,"22":0,"23":1,"24":0,"25":0,"26":0,"27":0,"28":0,"29":0,"30":1,"31":0,"32":0,"33":0,"34":0,"35":0,"36":0,"37":0,"38":0,"39":0,"40":1,"41":0,"42":0,"43":0,"44":0,"45":0,"46":1},"f":{"0":0,"1":0,"2":0,"3":0,"4":0,"5":0,"6":0,"7":0,"8":0,"9":0,"10":0,"11":0,"12":0,"13":0},"b":{"0":[0,0],"1":[0,0],"2":[0,0],"3":[0,0],"4":[0,0]},"_coverageSchema":"1a1c01bbd47fc00a2c39e90264f33305004495a9","hash":"3e65a3ed7dfd2485247a29245963ce0ed5d5f18f"}
,"C:\\laragon\\www\\ProjetGithub\\be-moovie-project\\server\\controllers\\postComment.controller.js": {"path":"C:\\laragon\\www\\ProjetGithub\\be-moovie-project\\server\\controllers\\postComment.controller.js","statementMap":{"0":{"start":{"line":1,"column":18},"end":{"line":1,"column":49}},"1":{"start":{"line":2,"column":18},"end":{"line":2,"column":49}},"2":{"start":{"line":3,"column":21},"end":{"line":3,"column":57}},"3":{"start":{"line":4,"column":12},"end":{"line":4,"column":26}},"4":{"start":{"line":5,"column":28},"end":{"line":5,"column":47}},"5":{"start":{"line":6,"column":14},"end":{"line":6,"column":30}},"6":{"start":{"line":7,"column":10},"end":{"line":7,"column":37}},"7":{"start":{"line":8,"column":15},"end":{"line":8,"column":47}},"8":{"start":{"line":9,"column":0},"end":{"line":9,"column":18}},"9":{"start":{"line":10,"column":0},"end":{"line":10,"column":23}},"10":{"start":{"line":12,"column":0},"end":{"line":49,"column":2}},"11":{"start":{"line":13,"column":17},"end":{"line":13,"column":27}},"12":{"start":{"line":14,"column":16},"end":{"line":14,"column":55}},"13":{"start":{"line":15,"column":17},"end":{"line":15,"column":46}},"14":{"start":{"line":16,"column":17},"end":{"line":16,"column":23}},"15":{"start":{"line":17,"column":17},"end":{"line":17,"column":44}},"16":{"start":{"line":18,"column":15},"end":{"line":18,"column":40}},"17":{"start":{"line":19,"column":20},"end":{"line":19,"column":27}},"18":{"start":{"line":21,"column":2},"end":{"line":48,"column":3}},"19":{"start":{"line":22,"column":4},"end":{"line":24,"column":5}},"20":{"start":{"line":23,"column":6},"end":{"line":23,"column":25}},"21":{"start":{"line":26,"column":4},"end":{"line":45,"column":6}},"22":{"start":{"line":40,"column":8},"end":{"line":42,"column":9}},"23":{"start":{"line":41,"column":10},"end":{"line":41,"column":20}},"24":{"start":{"line":43,"column":8},"end":{"line":43,"column":35}},"25":{"start":{"line":47,"column":4},"end":{"line":47,"column":32}},"26":{"start":{"line":51,"column":0},"end":{"line":77,"column":2}},"27":{"start":{"line":52,"column":17},"end":{"line":52,"column":27}},"28":{"start":{"line":53,"column":20},"end":{"line":53,"column":38}},"29":{"start":{"line":54,"column":15},"end":{"line":54,"column":40}},"30":{"start":{"line":56,"column":2},"end":{"line":76,"column":3}},"31":{"start":{"line":57,"column":4},"end":{"line":59,"column":5}},"32":{"start":{"line":58,"column":6},"end":{"line":58,"column":25}},"33":{"start":{"line":61,"column":4},"end":{"line":73,"column":7}},"34":{"start":{"line":62,"column":6},"end":{"line":62,"column":36}},"35":{"start":{"line":62,"column":15},"end":{"line":62,"column":36}},"36":{"start":{"line":63,"column":25},"end":{"line":65,"column":7}},"37":{"start":{"line":64,"column":8},"end":{"line":64,"column":37}},"38":{"start":{"line":67,"column":6},"end":{"line":67,"column":50}},"39":{"start":{"line":67,"column":23},"end":{"line":67,"column":50}},"40":{"start":{"line":68,"column":6},"end":{"line":68,"column":29}},"41":{"start":{"line":69,"column":6},"end":{"line":72,"column":9}},"42":{"start":{"line":70,"column":8},"end":{"line":70,"column":41}},"43":{"start":{"line":70,"column":17},"end":{"line":70,"column":41}},"44":{"start":{"line":71,"column":8},"end":{"line":71,"column":35}},"45":{"start":{"line":75,"column":4},"end":{"line":75,"column":32}},"46":{"start":{"line":79,"column":0},"end":{"line":106,"column":2}},"47":{"start":{"line":80,"column":17},"end":{"line":80,"column":27}},"48":{"start":{"line":81,"column":20},"end":{"line":81,"column":38}},"49":{"start":{"line":83,"column":2},"end":{"line":105,"column":3}},"50":{"start":{"line":84,"column":4},"end":{"line":86,"column":5}},"51":{"start":{"line":85,"column":6},"end":{"line":85,"column":25}},"52":{"start":{"line":88,"column":4},"end":{"line":102,"column":6}},"53":{"start":{"line":99,"column":8},"end":{"line":99,"column":40}},"54":{"start":{"line":99,"column":17},"end":{"line":99,"column":40}},"55":{"start":{"line":100,"column":8},"end":{"line":100,"column":35}},"56":{"start":{"line":104,"column":4},"end":{"line":104,"column":32}}},"fnMap":{"0":{"name":"(anonymous_0)","decl":{"start":{"line":12,"column":21},"end":{"line":12,"column":22}},"loc":{"start":{"line":12,"column":35},"end":{"line":49,"column":1}},"line":12},"1":{"name":"(anonymous_1)","decl":{"start":{"line":39,"column":6},"end":{"line":39,"column":7}},"loc":{"start":{"line":39,"column":21},"end":{"line":44,"column":7}},"line":39},"2":{"name":"(anonymous_2)","decl":{"start":{"line":51,"column":22},"end":{"line":51,"column":23}},"loc":{"start":{"line":51,"column":36},"end":{"line":77,"column":1}},"line":51},"3":{"name":"(anonymous_3)","decl":{"start":{"line":61,"column":27},"end":{"line":61,"column":28}},"loc":{"start":{"line":61,"column":42},"end":{"line":73,"column":5}},"line":61},"4":{"name":"(anonymous_4)","decl":{"start":{"line":63,"column":44},"end":{"line":63,"column":45}},"loc":{"start":{"line":64,"column":8},"end":{"line":64,"column":37}},"line":64},"5":{"name":"(anonymous_5)","decl":{"start":{"line":69,"column":23},"end":{"line":69,"column":24}},"loc":{"start":{"line":69,"column":32},"end":{"line":72,"column":7}},"line":69},"6":{"name":"(anonymous_6)","decl":{"start":{"line":79,"column":24},"end":{"line":79,"column":25}},"loc":{"start":{"line":79,"column":38},"end":{"line":106,"column":1}},"line":79},"7":{"name":"(anonymous_7)","decl":{"start":{"line":98,"column":6},"end":{"line":98,"column":7}},"loc":{"start":{"line":98,"column":21},"end":{"line":101,"column":7}},"line":98}},"branchMap":{"0":{"loc":{"start":{"line":22,"column":4},"end":{"line":24,"column":5}},"type":"if","locations":[{"start":{"line":22,"column":4},"end":{"line":24,"column":5}},{"start":{"line":22,"column":4},"end":{"line":24,"column":5}}],"line":22},"1":{"loc":{"start":{"line":40,"column":8},"end":{"line":42,"column":9}},"type":"if","locations":[{"start":{"line":40,"column":8},"end":{"line":42,"column":9}},{"start":{"line":40,"column":8},"end":{"line":42,"column":9}}],"line":40},"2":{"loc":{"start":{"line":57,"column":4},"end":{"line":59,"column":5}},"type":"if","locations":[{"start":{"line":57,"column":4},"end":{"line":59,"column":5}},{"start":{"line":57,"column":4},"end":{"line":59,"column":5}}],"line":57},"3":{"loc":{"start":{"line":62,"column":6},"end":{"line":62,"column":36}},"type":"if","locations":[{"start":{"line":62,"column":6},"end":{"line":62,"column":36}},{"start":{"line":62,"column":6},"end":{"line":62,"column":36}}],"line":62},"4":{"loc":{"start":{"line":67,"column":6},"end":{"line":67,"column":50}},"type":"if","locations":[{"start":{"line":67,"column":6},"end":{"line":67,"column":50}},{"start":{"line":67,"column":6},"end":{"line":67,"column":50}}],"line":67},"5":{"loc":{"start":{"line":70,"column":8},"end":{"line":70,"column":41}},"type":"if","locations":[{"start":{"line":70,"column":8},"end":{"line":70,"column":41}},{"start":{"line":70,"column":8},"end":{"line":70,"column":41}}],"line":70},"6":{"loc":{"start":{"line":84,"column":4},"end":{"line":86,"column":5}},"type":"if","locations":[{"start":{"line":84,"column":4},"end":{"line":86,"column":5}},{"start":{"line":84,"column":4},"end":{"line":86,"column":5}}],"line":84},"7":{"loc":{"start":{"line":99,"column":8},"end":{"line":99,"column":40}},"type":"if","locations":[{"start":{"line":99,"column":8},"end":{"line":99,"column":40}},{"start":{"line":99,"column":8},"end":{"line":99,"column":40}}],"line":99}},"s":{"0":1,"1":1,"2":1,"3":1,"4":1,"5":1,"6":1,"7":1,"8":1,"9":1,"10":1,"11":0,"12":0,"13":0,"14":0,"15":0,"16":0,"17":0,"18":0,"19":0,"20":0,"21":0,"22":0,"23":0,"24":0,"25":0,"26":1,"27":0,"28":0,"29":0,"30":0,"31":0,"32":0,"33":0,"34":0,"35":0,"36":0,"37":0,"38":0,"39":0,"40":0,"41":0,"42":0,"43":0,"44":0,"45":0,"46":1,"47":0,"48":0,"49":0,"50":0,"51":0,"52":0,"53":0,"54":0,"55":0,"56":0},"f":{"0":0,"1":0,"2":0,"3":0,"4":0,"5":0,"6":0,"7":0},"b":{"0":[0,0],"1":[0,0],"2":[0,0],"3":[0,0],"4":[0,0],"5":[0,0],"6":[0,0],"7":[0,0]},"_coverageSchema":"1a1c01bbd47fc00a2c39e90264f33305004495a9","hash":"ec5da6dac2589c8b5556e83edeb9dc321a60a1cf"}
,"C:\\laragon\\www\\ProjetGithub\\be-moovie-project\\server\\controllers\\postLike.controller.js": {"path":"C:\\laragon\\www\\ProjetGithub\\be-moovie-project\\server\\controllers\\postLike.controller.js","statementMap":{"0":{"start":{"line":1,"column":18},"end":{"line":1,"column":49}},"1":{"start":{"line":2,"column":18},"end":{"line":2,"column":49}},"2":{"start":{"line":3,"column":21},"end":{"line":3,"column":57}},"3":{"start":{"line":4,"column":17},"end":{"line":4,"column":51}},"4":{"start":{"line":10,"column":0},"end":{"line":59,"column":2}},"5":{"start":{"line":15,"column":17},"end":{"line":15,"column":27}},"6":{"start":{"line":16,"column":16},"end":{"line":16,"column":55}},"7":{"start":{"line":17,"column":17},"end":{"line":17,"column":46}},"8":{"start":{"line":22,"column":2},"end":{"line":23,"column":74}},"9":{"start":{"line":23,"column":4},"end":{"line":23,"column":74}},"10":{"start":{"line":25,"column":2},"end":{"line":58,"column":5}},"11":{"start":{"line":30,"column":18},"end":{"line":30,"column":59}},"12":{"start":{"line":30,"column":48},"end":{"line":30,"column":58}},"13":{"start":{"line":32,"column":4},"end":{"line":57,"column":5}},"14":{"start":{"line":33,"column":6},"end":{"line":35,"column":7}},"15":{"start":{"line":34,"column":8},"end":{"line":34,"column":35}},"16":{"start":{"line":36,"column":6},"end":{"line":43,"column":8}},"17":{"start":{"line":41,"column":10},"end":{"line":41,"column":52}},"18":{"start":{"line":41,"column":19},"end":{"line":41,"column":52}},"19":{"start":{"line":44,"column":6},"end":{"line":54,"column":8}},"20":{"start":{"line":49,"column":10},"end":{"line":51,"column":11}},"21":{"start":{"line":50,"column":12},"end":{"line":50,"column":22}},"22":{"start":{"line":52,"column":10},"end":{"line":52,"column":36}},"23":{"start":{"line":56,"column":6},"end":{"line":56,"column":38}},"24":{"start":{"line":65,"column":0},"end":{"line":119,"column":2}},"25":{"start":{"line":70,"column":17},"end":{"line":70,"column":27}},"26":{"start":{"line":71,"column":16},"end":{"line":71,"column":55}},"27":{"start":{"line":72,"column":17},"end":{"line":72,"column":46}},"28":{"start":{"line":77,"column":2},"end":{"line":78,"column":74}},"29":{"start":{"line":78,"column":4},"end":{"line":78,"column":74}},"30":{"start":{"line":80,"column":2},"end":{"line":118,"column":5}},"31":{"start":{"line":86,"column":18},"end":{"line":86,"column":59}},"32":{"start":{"line":86,"column":48},"end":{"line":86,"column":58}},"33":{"start":{"line":88,"column":4},"end":{"line":117,"column":5}},"34":{"start":{"line":89,"column":6},"end":{"line":91,"column":7}},"35":{"start":{"line":90,"column":8},"end":{"line":90,"column":33}},"36":{"start":{"line":93,"column":6},"end":{"line":100,"column":8}},"37":{"start":{"line":98,"column":10},"end":{"line":98,"column":52}},"38":{"start":{"line":98,"column":19},"end":{"line":98,"column":52}},"39":{"start":{"line":102,"column":6},"end":{"line":114,"column":8}},"40":{"start":{"line":109,"column":10},"end":{"line":111,"column":11}},"41":{"start":{"line":110,"column":12},"end":{"line":110,"column":22}},"42":{"start":{"line":112,"column":10},"end":{"line":112,"column":36}},"43":{"start":{"line":116,"column":6},"end":{"line":116,"column":38}}},"fnMap":{"0":{"name":"(anonymous_0)","decl":{"start":{"line":10,"column":23},"end":{"line":10,"column":24}},"loc":{"start":{"line":10,"column":37},"end":{"line":59,"column":1}},"line":10},"1":{"name":"(anonymous_1)","decl":{"start":{"line":25,"column":42},"end":{"line":25,"column":43}},"loc":{"start":{"line":25,"column":58},"end":{"line":58,"column":3}},"line":25},"2":{"name":"(anonymous_2)","decl":{"start":{"line":30,"column":38},"end":{"line":30,"column":39}},"loc":{"start":{"line":30,"column":48},"end":{"line":30,"column":58}},"line":30},"3":{"name":"(anonymous_3)","decl":{"start":{"line":40,"column":8},"end":{"line":40,"column":9}},"loc":{"start":{"line":40,"column":22},"end":{"line":42,"column":9}},"line":40},"4":{"name":"(anonymous_4)","decl":{"start":{"line":48,"column":8},"end":{"line":48,"column":9}},"loc":{"start":{"line":48,"column":22},"end":{"line":53,"column":9}},"line":48},"5":{"name":"(anonymous_5)","decl":{"start":{"line":65,"column":26},"end":{"line":65,"column":27}},"loc":{"start":{"line":65,"column":40},"end":{"line":119,"column":1}},"line":65},"6":{"name":"(anonymous_6)","decl":{"start":{"line":80,"column":42},"end":{"line":80,"column":43}},"loc":{"start":{"line":80,"column":58},"end":{"line":118,"column":3}},"line":80},"7":{"name":"(anonymous_7)","decl":{"start":{"line":86,"column":38},"end":{"line":86,"column":39}},"loc":{"start":{"line":86,"column":48},"end":{"line":86,"column":58}},"line":86},"8":{"name":"(anonymous_8)","decl":{"start":{"line":97,"column":8},"end":{"line":97,"column":9}},"loc":{"start":{"line":97,"column":22},"end":{"line":99,"column":9}},"line":97},"9":{"name":"(anonymous_9)","decl":{"start":{"line":108,"column":8},"end":{"line":108,"column":9}},"loc":{"start":{"line":108,"column":22},"end":{"line":113,"column":9}},"line":108}},"branchMap":{"0":{"loc":{"start":{"line":22,"column":2},"end":{"line":23,"column":74}},"type":"if","locations":[{"start":{"line":22,"column":2},"end":{"line":23,"column":74}},{"start":{"line":22,"column":2},"end":{"line":23,"column":74}}],"line":22},"1":{"loc":{"start":{"line":33,"column":6},"end":{"line":35,"column":7}},"type":"if","locations":[{"start":{"line":33,"column":6},"end":{"line":35,"column":7}},{"start":{"line":33,"column":6},"end":{"line":35,"column":7}}],"line":33},"2":{"loc":{"start":{"line":41,"column":10},"end":{"line":41,"column":52}},"type":"if","locations":[{"start":{"line":41,"column":10},"end":{"line":41,"column":52}},{"start":{"line":41,"column":10},"end":{"line":41,"column":52}}],"line":41},"3":{"loc":{"start":{"line":49,"column":10},"end":{"line":51,"column":11}},"type":"if","locations":[{"start":{"line":49,"column":10},"end":{"line":51,"column":11}},{"start":{"line":49,"column":10},"end":{"line":51,"column":11}}],"line":49},"4":{"loc":{"start":{"line":77,"column":2},"end":{"line":78,"column":74}},"type":"if","locations":[{"start":{"line":77,"column":2},"end":{"line":78,"column":74}},{"start":{"line":77,"column":2},"end":{"line":78,"column":74}}],"line":77},"5":{"loc":{"start":{"line":89,"column":6},"end":{"line":91,"column":7}},"type":"if","locations":[{"start":{"line":89,"column":6},"end":{"line":91,"column":7}},{"start":{"line":89,"column":6},"end":{"line":91,"column":7}}],"line":89},"6":{"loc":{"start":{"line":98,"column":10},"end":{"line":98,"column":52}},"type":"if","locations":[{"start":{"line":98,"column":10},"end":{"line":98,"column":52}},{"start":{"line":98,"column":10},"end":{"line":98,"column":52}}],"line":98},"7":{"loc":{"start":{"line":109,"column":10},"end":{"line":111,"column":11}},"type":"if","locations":[{"start":{"line":109,"column":10},"end":{"line":111,"column":11}},{"start":{"line":109,"column":10},"end":{"line":111,"column":11}}],"line":109}},"s":{"0":1,"1":1,"2":1,"3":1,"4":1,"5":0,"6":0,"7":0,"8":0,"9":0,"10":0,"11":0,"12":0,"13":0,"14":0,"15":0,"16":0,"17":0,"18":0,"19":0,"20":0,"21":0,"22":0,"23":0,"24":1,"25":0,"26":0,"27":0,"28":0,"29":0,"30":0,"31":0,"32":0,"33":0,"34":0,"35":0,"36":0,"37":0,"38":0,"39":0,"40":0,"41":0,"42":0,"43":0},"f":{"0":0,"1":0,"2":0,"3":0,"4":0,"5":0,"6":0,"7":0,"8":0,"9":0},"b":{"0":[0,0],"1":[0,0],"2":[0,0],"3":[0,0],"4":[0,0],"5":[0,0],"6":[0,0],"7":[0,0]},"_coverageSchema":"1a1c01bbd47fc00a2c39e90264f33305004495a9","hash":"9bd917824a1754f570dc6716a0425ad102aec549"}
,"C:\\laragon\\www\\ProjetGithub\\be-moovie-project\\server\\controllers\\token.controller.js": {"path":"C:\\laragon\\www\\ProjetGithub\\be-moovie-project\\server\\controllers\\token.controller.js","statementMap":{"0":{"start":{"line":1,"column":26},"end":{"line":1,"column":65}},"1":{"start":{"line":6,"column":4},"end":{"line":6,"column":40}},"2":{"start":{"line":11,"column":0},"end":{"line":25,"column":2}},"3":{"start":{"line":12,"column":28},"end":{"line":12,"column":36}},"4":{"start":{"line":14,"column":2},"end":{"line":23,"column":55}},"5":{"start":{"line":17,"column":21},"end":{"line":17,"column":32}},"6":{"start":{"line":18,"column":20},"end":{"line":18,"column":39}},"7":{"start":{"line":19,"column":27},"end":{"line":19,"column":49}},"8":{"start":{"line":20,"column":6},"end":{"line":20,"column":44}},"9":{"start":{"line":21,"column":6},"end":{"line":21,"column":73}},"10":{"start":{"line":23,"column":22},"end":{"line":23,"column":53}},"11":{"start":{"line":24,"column":2},"end":{"line":24,"column":9}},"12":{"start":{"line":30,"column":0},"end":{"line":47,"column":2}},"13":{"start":{"line":31,"column":28},"end":{"line":31,"column":36}},"14":{"start":{"line":32,"column":2},"end":{"line":46,"column":7}},"15":{"start":{"line":37,"column":6},"end":{"line":42,"column":11}},"16":{"start":{"line":39,"column":20},"end":{"line":39,"column":73}},"17":{"start":{"line":41,"column":10},"end":{"line":41,"column":42}},"18":{"start":{"line":45,"column":6},"end":{"line":45,"column":38}}},"fnMap":{"0":{"name":"(anonymous_0)","decl":{"start":{"line":11,"column":19},"end":{"line":11,"column":20}},"loc":{"start":{"line":11,"column":45},"end":{"line":25,"column":1}},"line":11},"1":{"name":"(anonymous_1)","decl":{"start":{"line":16,"column":10},"end":{"line":16,"column":11}},"loc":{"start":{"line":16,"column":20},"end":{"line":22,"column":5}},"line":16},"2":{"name":"(anonymous_2)","decl":{"start":{"line":23,"column":11},"end":{"line":23,"column":12}},"loc":{"start":{"line":23,"column":22},"end":{"line":23,"column":53}},"line":23},"3":{"name":"(anonymous_3)","decl":{"start":{"line":30,"column":22},"end":{"line":30,"column":23}},"loc":{"start":{"line":30,"column":48},"end":{"line":47,"column":1}},"line":30},"4":{"name":"(anonymous_4)","decl":{"start":{"line":36,"column":10},"end":{"line":36,"column":11}},"loc":{"start":{"line":36,"column":22},"end":{"line":43,"column":5}},"line":36},"5":{"name":"(anonymous_5)","decl":{"start":{"line":39,"column":14},"end":{"line":39,"column":15}},"loc":{"start":{"line":39,"column":20},"end":{"line":39,"column":73}},"line":39},"6":{"name":"(anonymous_6)","decl":{"start":{"line":40,"column":15},"end":{"line":40,"column":16}},"loc":{"start":{"line":40,"column":26},"end":{"line":42,"column":9}},"line":40},"7":{"name":"(anonymous_7)","decl":{"start":{"line":44,"column":11},"end":{"line":44,"column":12}},"loc":{"start":{"line":44,"column":22},"end":{"line":46,"column":5}},"line":44}},"branchMap":{},"s":{"0":1,"1":1,"2":1,"3":0,"4":0,"5":0,"6":0,"7":0,"8":0,"9":0,"10":0,"11":0,"12":1,"13":0,"14":0,"15":0,"16":0,"17":0,"18":0},"f":{"0":0,"1":0,"2":0,"3":0,"4":0,"5":0,"6":0,"7":0},"b":{},"_coverageSchema":"1a1c01bbd47fc00a2c39e90264f33305004495a9","hash":"a4c5e5441b3ea4a6f8b8227b20269985040e494f"}
,"C:\\laragon\\www\\ProjetGithub\\be-moovie-project\\server\\controllers\\users.controller.js": {"path":"C:\\laragon\\www\\ProjetGithub\\be-moovie-project\\server\\controllers\\users.controller.js","statementMap":{"0":{"start":{"line":1,"column":12},"end":{"line":1,"column":26}},"1":{"start":{"line":2,"column":18},"end":{"line":2,"column":49}},"2":{"start":{"line":3,"column":15},"end":{"line":3,"column":32}},"3":{"start":{"line":4,"column":28},"end":{"line":4,"column":47}},"4":{"start":{"line":5,"column":21},"end":{"line":5,"column":57}},"5":{"start":{"line":6,"column":14},"end":{"line":6,"column":30}},"6":{"start":{"line":9,"column":15},"end":{"line":16,"column":3}},"7":{"start":{"line":10,"column":4},"end":{"line":15,"column":53}},"8":{"start":{"line":13,"column":8},"end":{"line":13,"column":36}},"9":{"start":{"line":15,"column":24},"end":{"line":15,"column":51}},"10":{"start":{"line":18,"column":15},"end":{"line":25,"column":3}},"11":{"start":{"line":19,"column":15},"end":{"line":19,"column":28}},"12":{"start":{"line":21,"column":4},"end":{"line":24,"column":53}},"13":{"start":{"line":23,"column":22},"end":{"line":23,"column":48}},"14":{"start":{"line":24,"column":24},"end":{"line":24,"column":51}},"15":{"start":{"line":27,"column":13},"end":{"line":46,"column":3}},"16":{"start":{"line":28,"column":19},"end":{"line":28,"column":29}},"17":{"start":{"line":29,"column":19},"end":{"line":29,"column":46}},"18":{"start":{"line":30,"column":18},"end":{"line":30,"column":44}},"19":{"start":{"line":31,"column":25},"end":{"line":31,"column":58}},"20":{"start":{"line":33,"column":4},"end":{"line":45,"column":6}},"21":{"start":{"line":42,"column":8},"end":{"line":42,"column":45}},"22":{"start":{"line":42,"column":17},"end":{"line":42,"column":45}},"23":{"start":{"line":43,"column":8},"end":{"line":43,"column":34}},"24":{"start":{"line":48,"column":17},"end":{"line":78,"column":3}},"25":{"start":{"line":49,"column":19},"end":{"line":49,"column":29}},"26":{"start":{"line":50,"column":21},"end":{"line":50,"column":50}},"27":{"start":{"line":51,"column":28},"end":{"line":51,"column":64}},"28":{"start":{"line":53,"column":4},"end":{"line":77,"column":5}},"29":{"start":{"line":54,"column":6},"end":{"line":56,"column":7}},"30":{"start":{"line":55,"column":8},"end":{"line":55,"column":57}},"31":{"start":{"line":58,"column":6},"end":{"line":60,"column":7}},"32":{"start":{"line":59,"column":8},"end":{"line":59,"column":63}},"33":{"start":{"line":62,"column":6},"end":{"line":74,"column":9}},"34":{"start":{"line":63,"column":8},"end":{"line":73,"column":10}},"35":{"start":{"line":70,"column":12},"end":{"line":70,"column":31}},"36":{"start":{"line":70,"column":21},"end":{"line":70,"column":31}},"37":{"start":{"line":71,"column":12},"end":{"line":71,"column":38}},"38":{"start":{"line":76,"column":6},"end":{"line":76,"column":34}},"39":{"start":{"line":80,"column":15},"end":{"line":113,"column":3}},"40":{"start":{"line":81,"column":19},"end":{"line":81,"column":29}},"41":{"start":{"line":82,"column":18},"end":{"line":82,"column":57}},"42":{"start":{"line":83,"column":19},"end":{"line":83,"column":48}},"43":{"start":{"line":85,"column":4},"end":{"line":112,"column":5}},"44":{"start":{"line":86,"column":6},"end":{"line":88,"column":7}},"45":{"start":{"line":87,"column":8},"end":{"line":87,"column":49}},"46":{"start":{"line":89,"column":6},"end":{"line":98,"column":8}},"47":{"start":{"line":96,"column":10},"end":{"line":96,"column":29}},"48":{"start":{"line":96,"column":19},"end":{"line":96,"column":29}},"49":{"start":{"line":99,"column":6},"end":{"line":109,"column":8}},"50":{"start":{"line":106,"column":10},"end":{"line":106,"column":29}},"51":{"start":{"line":106,"column":19},"end":{"line":106,"column":29}},"52":{"start":{"line":107,"column":10},"end":{"line":107,"column":36}},"53":{"start":{"line":111,"column":6},"end":{"line":111,"column":34}},"54":{"start":{"line":115,"column":17},"end":{"line":148,"column":3}},"55":{"start":{"line":116,"column":19},"end":{"line":116,"column":29}},"56":{"start":{"line":117,"column":18},"end":{"line":117,"column":57}},"57":{"start":{"line":118,"column":19},"end":{"line":118,"column":48}},"58":{"start":{"line":120,"column":4},"end":{"line":147,"column":5}},"59":{"start":{"line":121,"column":6},"end":{"line":123,"column":7}},"60":{"start":{"line":122,"column":8},"end":{"line":122,"column":49}},"61":{"start":{"line":124,"column":6},"end":{"line":133,"column":8}},"62":{"start":{"line":131,"column":10},"end":{"line":131,"column":29}},"63":{"start":{"line":131,"column":19},"end":{"line":131,"column":29}},"64":{"start":{"line":134,"column":6},"end":{"line":144,"column":8}},"65":{"start":{"line":141,"column":10},"end":{"line":141,"column":29}},"66":{"start":{"line":141,"column":19},"end":{"line":141,"column":29}},"67":{"start":{"line":142,"column":10},"end":{"line":142,"column":36}},"68":{"start":{"line":146,"column":6},"end":{"line":146,"column":34}},"69":{"start":{"line":152,"column":23},"end":{"line":181,"column":3}},"70":{"start":{"line":153,"column":41},"end":{"line":153,"column":49}},"71":{"start":{"line":154,"column":19},"end":{"line":154,"column":29}},"72":{"start":{"line":155,"column":22},"end":{"line":155,"column":29}},"73":{"start":{"line":156,"column":4},"end":{"line":180,"column":5}},"74":{"start":{"line":157,"column":6},"end":{"line":159,"column":7}},"75":{"start":{"line":158,"column":8},"end":{"line":158,"column":27}},"76":{"start":{"line":160,"column":6},"end":{"line":177,"column":8}},"77":{"start":{"line":174,"column":10},"end":{"line":174,"column":29}},"78":{"start":{"line":174,"column":19},"end":{"line":174,"column":29}},"79":{"start":{"line":175,"column":10},"end":{"line":175,"column":36}},"80":{"start":{"line":179,"column":6},"end":{"line":179,"column":25}},"81":{"start":{"line":183,"column":23},"end":{"line":205,"column":3}},"82":{"start":{"line":184,"column":37},"end":{"line":184,"column":45}},"83":{"start":{"line":185,"column":19},"end":{"line":185,"column":29}},"84":{"start":{"line":187,"column":4},"end":{"line":204,"column":5}},"85":{"start":{"line":188,"column":6},"end":{"line":201,"column":9}},"86":{"start":{"line":189,"column":27},"end":{"line":191,"column":9}},"87":{"start":{"line":190,"column":10},"end":{"line":190,"column":49}},"88":{"start":{"line":192,"column":8},"end":{"line":192,"column":48}},"89":{"start":{"line":192,"column":17},"end":{"line":192,"column":48}},"90":{"start":{"line":194,"column":8},"end":{"line":194,"column":36}},"91":{"start":{"line":195,"column":8},"end":{"line":200,"column":11}},"92":{"start":{"line":196,"column":10},"end":{"line":198,"column":11}},"93":{"start":{"line":197,"column":12},"end":{"line":197,"column":34}},"94":{"start":{"line":199,"column":10},"end":{"line":199,"column":36}},"95":{"start":{"line":203,"column":6},"end":{"line":203,"column":25}},"96":{"start":{"line":207,"column":23},"end":{"line":233,"column":3}},"97":{"start":{"line":208,"column":31},"end":{"line":208,"column":39}},"98":{"start":{"line":209,"column":19},"end":{"line":209,"column":29}},"99":{"start":{"line":211,"column":4},"end":{"line":232,"column":5}},"100":{"start":{"line":212,"column":6},"end":{"line":214,"column":7}},"101":{"start":{"line":213,"column":8},"end":{"line":213,"column":27}},"102":{"start":{"line":215,"column":6},"end":{"line":229,"column":8}},"103":{"start":{"line":226,"column":10},"end":{"line":226,"column":29}},"104":{"start":{"line":226,"column":19},"end":{"line":226,"column":29}},"105":{"start":{"line":227,"column":10},"end":{"line":227,"column":36}},"106":{"start":{"line":231,"column":6},"end":{"line":231,"column":25}},"107":{"start":{"line":235,"column":26},"end":{"line":255,"column":3}},"108":{"start":{"line":236,"column":19},"end":{"line":236,"column":29}},"109":{"start":{"line":238,"column":4},"end":{"line":254,"column":5}},"110":{"start":{"line":239,"column":6},"end":{"line":241,"column":7}},"111":{"start":{"line":240,"column":8},"end":{"line":240,"column":27}},"112":{"start":{"line":242,"column":6},"end":{"line":251,"column":9}},"113":{"start":{"line":243,"column":8},"end":{"line":243,"column":31}},"114":{"start":{"line":245,"column":8},"end":{"line":250,"column":11}},"115":{"start":{"line":246,"column":10},"end":{"line":248,"column":11}},"116":{"start":{"line":247,"column":12},"end":{"line":247,"column":34}},"117":{"start":{"line":249,"column":10},"end":{"line":249,"column":36}},"118":{"start":{"line":253,"column":6},"end":{"line":253,"column":25}},"119":{"start":{"line":258,"column":0},"end":{"line":258,"column":32}}},"fnMap":{"0":{"name":"(anonymous_0)","decl":{"start":{"line":9,"column":15},"end":{"line":9,"column":16}},"loc":{"start":{"line":9,"column":29},"end":{"line":16,"column":3}},"line":9},"1":{"name":"(anonymous_1)","decl":{"start":{"line":12,"column":12},"end":{"line":12,"column":13}},"loc":{"start":{"line":12,"column":23},"end":{"line":14,"column":7}},"line":12},"2":{"name":"(anonymous_2)","decl":{"start":{"line":15,"column":13},"end":{"line":15,"column":14}},"loc":{"start":{"line":15,"column":24},"end":{"line":15,"column":51}},"line":15},"3":{"name":"(anonymous_3)","decl":{"start":{"line":18,"column":15},"end":{"line":18,"column":16}},"loc":{"start":{"line":18,"column":29},"end":{"line":25,"column":3}},"line":18},"4":{"name":"(anonymous_4)","decl":{"start":{"line":23,"column":12},"end":{"line":23,"column":13}},"loc":{"start":{"line":23,"column":22},"end":{"line":23,"column":48}},"line":23},"5":{"name":"(anonymous_5)","decl":{"start":{"line":24,"column":13},"end":{"line":24,"column":14}},"loc":{"start":{"line":24,"column":24},"end":{"line":24,"column":51}},"line":24},"6":{"name":"(anonymous_6)","decl":{"start":{"line":27,"column":13},"end":{"line":27,"column":14}},"loc":{"start":{"line":27,"column":27},"end":{"line":46,"column":3}},"line":27},"7":{"name":"(anonymous_7)","decl":{"start":{"line":41,"column":6},"end":{"line":41,"column":7}},"loc":{"start":{"line":41,"column":20},"end":{"line":44,"column":7}},"line":41},"8":{"name":"(anonymous_8)","decl":{"start":{"line":48,"column":17},"end":{"line":48,"column":18}},"loc":{"start":{"line":48,"column":31},"end":{"line":78,"column":3}},"line":48},"9":{"name":"(anonymous_9)","decl":{"start":{"line":62,"column":37},"end":{"line":62,"column":38}},"loc":{"start":{"line":62,"column":47},"end":{"line":74,"column":7}},"line":62},"10":{"name":"(anonymous_10)","decl":{"start":{"line":69,"column":10},"end":{"line":69,"column":11}},"loc":{"start":{"line":69,"column":24},"end":{"line":72,"column":11}},"line":69},"11":{"name":"(anonymous_11)","decl":{"start":{"line":80,"column":15},"end":{"line":80,"column":16}},"loc":{"start":{"line":80,"column":35},"end":{"line":113,"column":3}},"line":80},"12":{"name":"(anonymous_12)","decl":{"start":{"line":95,"column":8},"end":{"line":95,"column":9}},"loc":{"start":{"line":95,"column":22},"end":{"line":97,"column":9}},"line":95},"13":{"name":"(anonymous_13)","decl":{"start":{"line":105,"column":8},"end":{"line":105,"column":9}},"loc":{"start":{"line":105,"column":22},"end":{"line":108,"column":9}},"line":105},"14":{"name":"(anonymous_14)","decl":{"start":{"line":115,"column":17},"end":{"line":115,"column":18}},"loc":{"start":{"line":115,"column":37},"end":{"line":148,"column":3}},"line":115},"15":{"name":"(anonymous_15)","decl":{"start":{"line":130,"column":8},"end":{"line":130,"column":9}},"loc":{"start":{"line":130,"column":22},"end":{"line":132,"column":9}},"line":130},"16":{"name":"(anonymous_16)","decl":{"start":{"line":140,"column":8},"end":{"line":140,"column":9}},"loc":{"start":{"line":140,"column":22},"end":{"line":143,"column":9}},"line":140},"17":{"name":"(anonymous_17)","decl":{"start":{"line":152,"column":23},"end":{"line":152,"column":24}},"loc":{"start":{"line":152,"column":43},"end":{"line":181,"column":3}},"line":152},"18":{"name":"(anonymous_18)","decl":{"start":{"line":173,"column":8},"end":{"line":173,"column":9}},"loc":{"start":{"line":173,"column":22},"end":{"line":176,"column":9}},"line":173},"19":{"name":"(anonymous_19)","decl":{"start":{"line":183,"column":23},"end":{"line":183,"column":24}},"loc":{"start":{"line":183,"column":43},"end":{"line":205,"column":3}},"line":183},"20":{"name":"(anonymous_20)","decl":{"start":{"line":188,"column":29},"end":{"line":188,"column":30}},"loc":{"start":{"line":188,"column":43},"end":{"line":201,"column":7}},"line":188},"21":{"name":"(anonymous_21)","decl":{"start":{"line":189,"column":52},"end":{"line":189,"column":53}},"loc":{"start":{"line":190,"column":10},"end":{"line":190,"column":49}},"line":190},"22":{"name":"(anonymous_22)","decl":{"start":{"line":195,"column":24},"end":{"line":195,"column":25}},"loc":{"start":{"line":195,"column":33},"end":{"line":200,"column":9}},"line":195},"23":{"name":"(anonymous_23)","decl":{"start":{"line":207,"column":23},"end":{"line":207,"column":24}},"loc":{"start":{"line":207,"column":43},"end":{"line":233,"column":3}},"line":207},"24":{"name":"(anonymous_24)","decl":{"start":{"line":225,"column":8},"end":{"line":225,"column":9}},"loc":{"start":{"line":225,"column":22},"end":{"line":228,"column":9}},"line":225},"25":{"name":"(anonymous_25)","decl":{"start":{"line":235,"column":26},"end":{"line":235,"column":27}},"loc":{"start":{"line":235,"column":46},"end":{"line":255,"column":3}},"line":235},"26":{"name":"(anonymous_26)","decl":{"start":{"line":242,"column":29},"end":{"line":242,"column":30}},"loc":{"start":{"line":242,"column":43},"end":{"line":251,"column":7}},"line":242},"27":{"name":"(anonymous_27)","decl":{"start":{"line":245,"column":24},"end":{"line":245,"column":25}},"loc":{"start":{"line":245,"column":33},"end":{"line":250,"column":9}},"line":245}},"branchMap":{"0":{"loc":{"start":{"line":42,"column":8},"end":{"line":42,"column":45}},"type":"if","locations":[{"start":{"line":42,"column":8},"end":{"line":42,"column":45}},{"start":{"line":42,"column":8},"end":{"line":42,"column":45}}],"line":42},"1":{"loc":{"start":{"line":54,"column":6},"end":{"line":56,"column":7}},"type":"if","locations":[{"start":{"line":54,"column":6},"end":{"line":56,"column":7}},{"start":{"line":54,"column":6},"end":{"line":56,"column":7}}],"line":54},"2":{"loc":{"start":{"line":58,"column":6},"end":{"line":60,"column":7}},"type":"if","locations":[{"start":{"line":58,"column":6},"end":{"line":60,"column":7}},{"start":{"line":58,"column":6},"end":{"line":60,"column":7}}],"line":58},"3":{"loc":{"start":{"line":70,"column":12},"end":{"line":70,"column":31}},"type":"if","locations":[{"start":{"line":70,"column":12},"end":{"line":70,"column":31}},{"start":{"line":70,"column":12},"end":{"line":70,"column":31}}],"line":70},"4":{"loc":{"start":{"line":86,"column":6},"end":{"line":88,"column":7}},"type":"if","locations":[{"start":{"line":86,"column":6},"end":{"line":88,"column":7}},{"start":{"line":86,"column":6},"end":{"line":88,"column":7}}],"line":86},"5":{"loc":{"start":{"line":96,"column":10},"end":{"line":96,"column":29}},"type":"if","locations":[{"start":{"line":96,"column":10},"end":{"line":96,"column":29}},{"start":{"line":96,"column":10},"end":{"line":96,"column":29}}],"line":96},"6":{"loc":{"start":{"line":106,"column":10},"end":{"line":106,"column":29}},"type":"if","locations":[{"start":{"line":106,"column":10},"end":{"line":106,"column":29}},{"start":{"line":106,"column":10},"end":{"line":106,"column":29}}],"line":106},"7":{"loc":{"start":{"line":121,"column":6},"end":{"line":123,"column":7}},"type":"if","locations":[{"start":{"line":121,"column":6},"end":{"line":123,"column":7}},{"start":{"line":121,"column":6},"end":{"line":123,"column":7}}],"line":121},"8":{"loc":{"start":{"line":131,"column":10},"end":{"line":131,"column":29}},"type":"if","locations":[{"start":{"line":131,"column":10},"end":{"line":131,"column":29}},{"start":{"line":131,"column":10},"end":{"line":131,"column":29}}],"line":131},"9":{"loc":{"start":{"line":141,"column":10},"end":{"line":141,"column":29}},"type":"if","locations":[{"start":{"line":141,"column":10},"end":{"line":141,"column":29}},{"start":{"line":141,"column":10},"end":{"line":141,"column":29}}],"line":141},"10":{"loc":{"start":{"line":157,"column":6},"end":{"line":159,"column":7}},"type":"if","locations":[{"start":{"line":157,"column":6},"end":{"line":159,"column":7}},{"start":{"line":157,"column":6},"end":{"line":159,"column":7}}],"line":157},"11":{"loc":{"start":{"line":174,"column":10},"end":{"line":174,"column":29}},"type":"if","locations":[{"start":{"line":174,"column":10},"end":{"line":174,"column":29}},{"start":{"line":174,"column":10},"end":{"line":174,"column":29}}],"line":174},"12":{"loc":{"start":{"line":192,"column":8},"end":{"line":192,"column":48}},"type":"if","locations":[{"start":{"line":192,"column":8},"end":{"line":192,"column":48}},{"start":{"line":192,"column":8},"end":{"line":192,"column":48}}],"line":192},"13":{"loc":{"start":{"line":196,"column":10},"end":{"line":198,"column":11}},"type":"if","locations":[{"start":{"line":196,"column":10},"end":{"line":198,"column":11}},{"start":{"line":196,"column":10},"end":{"line":198,"column":11}}],"line":196},"14":{"loc":{"start":{"line":212,"column":6},"end":{"line":214,"column":7}},"type":"if","locations":[{"start":{"line":212,"column":6},"end":{"line":214,"column":7}},{"start":{"line":212,"column":6},"end":{"line":214,"column":7}}],"line":212},"15":{"loc":{"start":{"line":226,"column":10},"end":{"line":226,"column":29}},"type":"if","locations":[{"start":{"line":226,"column":10},"end":{"line":226,"column":29}},{"start":{"line":226,"column":10},"end":{"line":226,"column":29}}],"line":226},"16":{"loc":{"start":{"line":239,"column":6},"end":{"line":241,"column":7}},"type":"if","locations":[{"start":{"line":239,"column":6},"end":{"line":241,"column":7}},{"start":{"line":239,"column":6},"end":{"line":241,"column":7}}],"line":239},"17":{"loc":{"start":{"line":246,"column":10},"end":{"line":248,"column":11}},"type":"if","locations":[{"start":{"line":246,"column":10},"end":{"line":248,"column":11}},{"start":{"line":246,"column":10},"end":{"line":248,"column":11}}],"line":246}},"s":{"0":1,"1":1,"2":1,"3":1,"4":1,"5":1,"6":1,"7":0,"8":0,"9":0,"10":1,"11":0,"12":0,"13":0,"14":0,"15":1,"16":0,"17":0,"18":0,"19":0,"20":0,"21":0,"22":0,"23":0,"24":1,"25":0,"26":0,"27":0,"28":0,"29":0,"30":0,"31":0,"32":0,"33":0,"34":0,"35":0,"36":0,"37":0,"38":0,"39":1,"40":0,"41":0,"42":0,"43":0,"44":0,"45":0,"46":0,"47":0,"48":0,"49":0,"50":0,"51":0,"52":0,"53":0,"54":1,"55":0,"56":0,"57":0,"58":0,"59":0,"60":0,"61":0,"62":0,"63":0,"64":0,"65":0,"66":0,"67":0,"68":0,"69":1,"70":0,"71":0,"72":0,"73":0,"74":0,"75":0,"76":0,"77":0,"78":0,"79":0,"80":0,"81":1,"82":0,"83":0,"84":0,"85":0,"86":0,"87":0,"88":0,"89":0,"90":0,"91":0,"92":0,"93":0,"94":0,"95":0,"96":1,"97":0,"98":0,"99":0,"100":0,"101":0,"102":0,"103":0,"104":0,"105":0,"106":0,"107":1,"108":0,"109":0,"110":0,"111":0,"112":0,"113":0,"114":0,"115":0,"116":0,"117":0,"118":0,"119":1},"f":{"0":0,"1":0,"2":0,"3":0,"4":0,"5":0,"6":0,"7":0,"8":0,"9":0,"10":0,"11":0,"12":0,"13":0,"14":0,"15":0,"16":0,"17":0,"18":0,"19":0,"20":0,"21":0,"22":0,"23":0,"24":0,"25":0,"26":0,"27":0},"b":{"0":[0,0],"1":[0,0],"2":[0,0],"3":[0,0],"4":[0,0],"5":[0,0],"6":[0,0],"7":[0,0],"8":[0,0],"9":[0,0],"10":[0,0],"11":[0,0],"12":[0,0],"13":[0,0],"14":[0,0],"15":[0,0],"16":[0,0],"17":[0,0]},"_coverageSchema":"1a1c01bbd47fc00a2c39e90264f33305004495a9","hash":"d235e008d62347d974178f4fb0bc580cd505ce4e"}
,"C:\\laragon\\www\\ProjetGithub\\be-moovie-project\\server\\middlewares\\auth.middleware.js": {"path":"C:\\laragon\\www\\ProjetGithub\\be-moovie-project\\server\\middlewares\\auth.middleware.js","statementMap":{"0":{"start":{"line":1,"column":12},"end":{"line":1,"column":35}},"1":{"start":{"line":3,"column":0},"end":{"line":17,"column":2}},"2":{"start":{"line":4,"column":2},"end":{"line":16,"column":3}},"3":{"start":{"line":5,"column":18},"end":{"line":5,"column":57}},"4":{"start":{"line":6,"column":25},"end":{"line":6,"column":66}},"5":{"start":{"line":7,"column":19},"end":{"line":7,"column":38}},"6":{"start":{"line":9,"column":4},"end":{"line":13,"column":5}},"7":{"start":{"line":10,"column":6},"end":{"line":10,"column":30}},"8":{"start":{"line":12,"column":6},"end":{"line":12,"column":13}},"9":{"start":{"line":15,"column":4},"end":{"line":15,"column":69}}},"fnMap":{"0":{"name":"(anonymous_0)","decl":{"start":{"line":3,"column":17},"end":{"line":3,"column":18}},"loc":{"start":{"line":3,"column":37},"end":{"line":17,"column":1}},"line":3}},"branchMap":{"0":{"loc":{"start":{"line":9,"column":4},"end":{"line":13,"column":5}},"type":"if","locations":[{"start":{"line":9,"column":4},"end":{"line":13,"column":5}},{"start":{"line":9,"column":4},"end":{"line":13,"column":5}}],"line":9},"1":{"loc":{"start":{"line":9,"column":8},"end":{"line":9,"column":53}},"type":"binary-expr","locations":[{"start":{"line":9,"column":8},"end":{"line":9,"column":23}},{"start":{"line":9,"column":27},"end":{"line":9,"column":53}}],"line":9}},"s":{"0":1,"1":1,"2":0,"3":0,"4":0,"5":0,"6":0,"7":0,"8":0,"9":0},"f":{"0":0},"b":{"0":[0,0],"1":[0,0]},"_coverageSchema":"1a1c01bbd47fc00a2c39e90264f33305004495a9","hash":"9f5920941cb2460ed453a7732a115683d4bde309"}
,"C:\\laragon\\www\\ProjetGithub\\be-moovie-project\\server\\middlewares\\multer-config.js": {"path":"C:\\laragon\\www\\ProjetGithub\\be-moovie-project\\server\\middlewares\\multer-config.js","statementMap":{"0":{"start":{"line":1,"column":15},"end":{"line":1,"column":32}},"1":{"start":{"line":2,"column":11},"end":{"line":2,"column":24}},"2":{"start":{"line":3,"column":19},"end":{"line":8,"column":1}},"3":{"start":{"line":9,"column":16},"end":{"line":27,"column":2}},"4":{"start":{"line":11,"column":23},"end":{"line":11,"column":31}},"5":{"start":{"line":12,"column":16},"end":{"line":12,"column":49}},"6":{"start":{"line":13,"column":4},"end":{"line":19,"column":7}},"7":{"start":{"line":14,"column":6},"end":{"line":18,"column":7}},"8":{"start":{"line":15,"column":8},"end":{"line":17,"column":11}},"9":{"start":{"line":16,"column":10},"end":{"line":16,"column":31}},"10":{"start":{"line":20,"column":4},"end":{"line":20,"column":24}},"11":{"start":{"line":23,"column":17},"end":{"line":23,"column":69}},"12":{"start":{"line":24,"column":22},"end":{"line":24,"column":47}},"13":{"start":{"line":25,"column":4},"end":{"line":25,"column":44}},"14":{"start":{"line":29,"column":19},"end":{"line":41,"column":1}},"15":{"start":{"line":30,"column":2},"end":{"line":40,"column":3}},"16":{"start":{"line":36,"column":4},"end":{"line":36,"column":30}},"17":{"start":{"line":38,"column":4},"end":{"line":38,"column":26}},"18":{"start":{"line":39,"column":4},"end":{"line":39,"column":74}},"19":{"start":{"line":43,"column":0},"end":{"line":43,"column":55}}},"fnMap":{"0":{"name":"(anonymous_0)","decl":{"start":{"line":10,"column":15},"end":{"line":10,"column":16}},"loc":{"start":{"line":10,"column":40},"end":{"line":21,"column":3}},"line":10},"1":{"name":"(anonymous_1)","decl":{"start":{"line":13,"column":19},"end":{"line":13,"column":20}},"loc":{"start":{"line":13,"column":28},"end":{"line":19,"column":5}},"line":13},"2":{"name":"(anonymous_2)","decl":{"start":{"line":15,"column":29},"end":{"line":15,"column":30}},"loc":{"start":{"line":15,"column":40},"end":{"line":17,"column":9}},"line":15},"3":{"name":"(anonymous_3)","decl":{"start":{"line":22,"column":12},"end":{"line":22,"column":13}},"loc":{"start":{"line":22,"column":37},"end":{"line":26,"column":3}},"line":22},"4":{"name":"(anonymous_4)","decl":{"start":{"line":29,"column":19},"end":{"line":29,"column":20}},"loc":{"start":{"line":29,"column":44},"end":{"line":41,"column":1}},"line":29}},"branchMap":{"0":{"loc":{"start":{"line":14,"column":6},"end":{"line":18,"column":7}},"type":"if","locations":[{"start":{"line":14,"column":6},"end":{"line":18,"column":7}},{"start":{"line":14,"column":6},"end":{"line":18,"column":7}}],"line":14},"1":{"loc":{"start":{"line":30,"column":2},"end":{"line":40,"column":3}},"type":"if","locations":[{"start":{"line":30,"column":2},"end":{"line":40,"column":3}},{"start":{"line":30,"column":2},"end":{"line":40,"column":3}}],"line":30},"2":{"loc":{"start":{"line":31,"column":4},"end":{"line":34,"column":32}},"type":"binary-expr","locations":[{"start":{"line":31,"column":4},"end":{"line":31,"column":32}},{"start":{"line":32,"column":4},"end":{"line":32,"column":32}},{"start":{"line":33,"column":4},"end":{"line":33,"column":33}},{"start":{"line":34,"column":4},"end":{"line":34,"column":32}}],"line":31}},"s":{"0":1,"1":1,"2":1,"3":1,"4":0,"5":0,"6":0,"7":0,"8":0,"9":0,"10":0,"11":0,"12":0,"13":0,"14":1,"15":0,"16":0,"17":0,"18":0,"19":1},"f":{"0":0,"1":0,"2":0,"3":0,"4":0},"b":{"0":[0,0],"1":[0,0],"2":[0,0,0,0]},"_coverageSchema":"1a1c01bbd47fc00a2c39e90264f33305004495a9","hash":"38e1668a51e1b4fd37adbfa37b56db984ae26838"}
,"C:\\laragon\\www\\ProjetGithub\\be-moovie-project\\server\\models\\post.model.js": {"path":"C:\\laragon\\www\\ProjetGithub\\be-moovie-project\\server\\models\\post.model.js","statementMap":{"0":{"start":{"line":1,"column":17},"end":{"line":1,"column":36}},"1":{"start":{"line":3,"column":19},"end":{"line":38,"column":1}},"2":{"start":{"line":40,"column":0},"end":{"line":40,"column":52}}},"fnMap":{},"branchMap":{},"s":{"0":1,"1":1,"2":1},"f":{},"b":{},"_coverageSchema":"1a1c01bbd47fc00a2c39e90264f33305004495a9","hash":"bdf2c58125a6a8f9fdb0d45f77aa026c62e96c69"}
,"C:\\laragon\\www\\ProjetGithub\\be-moovie-project\\server\\models\\refreshToken.model.js": {"path":"C:\\laragon\\www\\ProjetGithub\\be-moovie-project\\server\\models\\refreshToken.model.js","statementMap":{"0":{"start":{"line":1,"column":17},"end":{"line":1,"column":36}},"1":{"start":{"line":3,"column":27},"end":{"line":24,"column":1}},"2":{"start":{"line":26,"column":0},"end":{"line":26,"column":69}}},"fnMap":{},"branchMap":{},"s":{"0":1,"1":1,"2":1},"f":{},"b":{},"_coverageSchema":"1a1c01bbd47fc00a2c39e90264f33305004495a9","hash":"6c2745717deca52fea2b0816e312714c52c26e55"}
,"C:\\laragon\\www\\ProjetGithub\\be-moovie-project\\server\\models\\user.model.js": {"path":"C:\\laragon\\www\\ProjetGithub\\be-moovie-project\\server\\models\\user.model.js","statementMap":{"0":{"start":{"line":1,"column":17},"end":{"line":1,"column":36}},"1":{"start":{"line":2,"column":24},"end":{"line":2,"column":60}},"2":{"start":{"line":3,"column":20},"end":{"line":3,"column":40}},"3":{"start":{"line":5,"column":19},"end":{"line":75,"column":1}},"4":{"start":{"line":80,"column":0},"end":{"line":80,"column":35}},"5":{"start":{"line":82,"column":0},"end":{"line":82,"column":52}}},"fnMap":{},"branchMap":{},"s":{"0":1,"1":1,"2":1,"3":1,"4":1,"5":1},"f":{},"b":{},"_coverageSchema":"1a1c01bbd47fc00a2c39e90264f33305004495a9","hash":"4896b52ebde2857db3537c44618067f04f1437d3"}
,"C:\\laragon\\www\\ProjetGithub\\be-moovie-project\\server\\routes\\auth.route.js": {"path":"C:\\laragon\\www\\ProjetGithub\\be-moovie-project\\server\\routes\\auth.route.js","statementMap":{"0":{"start":{"line":1,"column":16},"end":{"line":1,"column":34}},"1":{"start":{"line":2,"column":15},"end":{"line":2,"column":31}},"2":{"start":{"line":3,"column":23},"end":{"line":3,"column":64}},"3":{"start":{"line":4,"column":24},"end":{"line":4,"column":66}},"4":{"start":{"line":5,"column":13},"end":{"line":5,"column":54}},"5":{"start":{"line":7,"column":0},"end":{"line":7,"column":46}},"6":{"start":{"line":8,"column":0},"end":{"line":8,"column":45}},"7":{"start":{"line":9,"column":0},"end":{"line":9,"column":55}},"8":{"start":{"line":10,"column":0},"end":{"line":10,"column":57}},"9":{"start":{"line":12,"column":0},"end":{"line":12,"column":24}}},"fnMap":{},"branchMap":{},"s":{"0":1,"1":1,"2":1,"3":1,"4":1,"5":1,"6":1,"7":1,"8":1,"9":1},"f":{},"b":{},"_coverageSchema":"1a1c01bbd47fc00a2c39e90264f33305004495a9","hash":"99379b3b6ca52645449c9b2455f8ed5624cf2afc"}
,"C:\\laragon\\www\\ProjetGithub\\be-moovie-project\\server\\routes\\movies.route.js": {"path":"C:\\laragon\\www\\ProjetGithub\\be-moovie-project\\server\\routes\\movies.route.js","statementMap":{"0":{"start":{"line":1,"column":16},"end":{"line":1,"column":34}},"1":{"start":{"line":2,"column":15},"end":{"line":2,"column":31}},"2":{"start":{"line":3,"column":13},"end":{"line":3,"column":54}},"3":{"start":{"line":4,"column":26},"end":{"line":4,"column":69}},"4":{"start":{"line":6,"column":0},"end":{"line":6,"column":66}},"5":{"start":{"line":7,"column":0},"end":{"line":7,"column":72}},"6":{"start":{"line":9,"column":0},"end":{"line":9,"column":24}}},"fnMap":{},"branchMap":{},"s":{"0":1,"1":1,"2":1,"3":1,"4":1,"5":1,"6":1},"f":{},"b":{},"_coverageSchema":"1a1c01bbd47fc00a2c39e90264f33305004495a9","hash":"7bf5888af4663154cf63b4cc592db7c4dcb81d9f"}
,"C:\\laragon\\www\\ProjetGithub\\be-moovie-project\\server\\routes\\post.routes.js": {"path":"C:\\laragon\\www\\ProjetGithub\\be-moovie-project\\server\\routes\\post.routes.js","statementMap":{"0":{"start":{"line":1,"column":16},"end":{"line":1,"column":34}},"1":{"start":{"line":2,"column":15},"end":{"line":2,"column":31}},"2":{"start":{"line":3,"column":13},"end":{"line":3,"column":54}},"3":{"start":{"line":4,"column":23},"end":{"line":4,"column":64}},"4":{"start":{"line":5,"column":15},"end":{"line":5,"column":54}},"5":{"start":{"line":7,"column":23},"end":{"line":7,"column":43}},"6":{"start":{"line":8,"column":0},"end":{"line":8,"column":50}},"7":{"start":{"line":9,"column":0},"end":{"line":9,"column":53}},"8":{"start":{"line":10,"column":0},"end":{"line":10,"column":61}},"9":{"start":{"line":11,"column":0},"end":{"line":11,"column":55}},"10":{"start":{"line":12,"column":0},"end":{"line":12,"column":61}},"11":{"start":{"line":14,"column":0},"end":{"line":14,"column":24}}},"fnMap":{},"branchMap":{},"s":{"0":1,"1":1,"2":1,"3":1,"4":1,"5":1,"6":1,"7":1,"8":1,"9":1,"10":1,"11":1},"f":{},"b":{},"_coverageSchema":"1a1c01bbd47fc00a2c39e90264f33305004495a9","hash":"602627d9971cb34cb032786415f065a4374da2fb"}
,"C:\\laragon\\www\\ProjetGithub\\be-moovie-project\\server\\routes\\postComent.route.js": {"path":"C:\\laragon\\www\\ProjetGithub\\be-moovie-project\\server\\routes\\postComent.route.js","statementMap":{"0":{"start":{"line":1,"column":16},"end":{"line":1,"column":34}},"1":{"start":{"line":2,"column":15},"end":{"line":2,"column":31}},"2":{"start":{"line":3,"column":13},"end":{"line":3,"column":54}},"3":{"start":{"line":4,"column":26},"end":{"line":4,"column":74}},"4":{"start":{"line":6,"column":0},"end":{"line":6,"column":61}},"5":{"start":{"line":7,"column":0},"end":{"line":7,"column":63}},"6":{"start":{"line":8,"column":0},"end":{"line":8,"column":67}},"7":{"start":{"line":10,"column":0},"end":{"line":10,"column":24}}},"fnMap":{},"branchMap":{},"s":{"0":1,"1":1,"2":1,"3":1,"4":1,"5":1,"6":1,"7":1},"f":{},"b":{},"_coverageSchema":"1a1c01bbd47fc00a2c39e90264f33305004495a9","hash":"5cb7f7c3707e8f43ba0b62c100e83db121925421"}
,"C:\\laragon\\www\\ProjetGithub\\be-moovie-project\\server\\routes\\postLike.route.js": {"path":"C:\\laragon\\www\\ProjetGithub\\be-moovie-project\\server\\routes\\postLike.route.js","statementMap":{"0":{"start":{"line":1,"column":16},"end":{"line":1,"column":34}},"1":{"start":{"line":2,"column":15},"end":{"line":2,"column":31}},"2":{"start":{"line":3,"column":27},"end":{"line":3,"column":72}},"3":{"start":{"line":4,"column":13},"end":{"line":4,"column":54}},"4":{"start":{"line":6,"column":0},"end":{"line":6,"column":64}},"5":{"start":{"line":7,"column":0},"end":{"line":7,"column":70}},"6":{"start":{"line":9,"column":0},"end":{"line":9,"column":24}}},"fnMap":{},"branchMap":{},"s":{"0":1,"1":1,"2":1,"3":1,"4":1,"5":1,"6":1},"f":{},"b":{},"_coverageSchema":"1a1c01bbd47fc00a2c39e90264f33305004495a9","hash":"4d181ea58e4ab71acf086decd3f1452ed775206b"}
,"C:\\laragon\\www\\ProjetGithub\\be-moovie-project\\server\\routes\\series.route.js": {"path":"C:\\laragon\\www\\ProjetGithub\\be-moovie-project\\server\\routes\\series.route.js","statementMap":{"0":{"start":{"line":1,"column":16},"end":{"line":1,"column":34}},"1":{"start":{"line":2,"column":15},"end":{"line":2,"column":31}},"2":{"start":{"line":3,"column":13},"end":{"line":3,"column":54}},"3":{"start":{"line":4,"column":26},"end":{"line":4,"column":69}},"4":{"start":{"line":6,"column":0},"end":{"line":6,"column":66}},"5":{"start":{"line":7,"column":0},"end":{"line":7,"column":72}},"6":{"start":{"line":9,"column":0},"end":{"line":9,"column":24}}},"fnMap":{},"branchMap":{},"s":{"0":1,"1":1,"2":1,"3":1,"4":1,"5":1,"6":1},"f":{},"b":{},"_coverageSchema":"1a1c01bbd47fc00a2c39e90264f33305004495a9","hash":"c09171b48dd5da1212e27cbabe0411d818f54f55"}
,"C:\\laragon\\www\\ProjetGithub\\be-moovie-project\\server\\routes\\users.route.js": {"path":"C:\\laragon\\www\\ProjetGithub\\be-moovie-project\\server\\routes\\users.route.js","statementMap":{"0":{"start":{"line":1,"column":16},"end":{"line":1,"column":34}},"1":{"start":{"line":2,"column":15},"end":{"line":2,"column":31}},"2":{"start":{"line":3,"column":23},"end":{"line":3,"column":65}},"3":{"start":{"line":4,"column":13},"end":{"line":4,"column":54}},"4":{"start":{"line":5,"column":23},"end":{"line":5,"column":43}},"5":{"start":{"line":6,"column":0},"end":{"line":6,"column":49}},"6":{"start":{"line":7,"column":0},"end":{"line":7,"column":52}},"7":{"start":{"line":8,"column":0},"end":{"line":8,"column":50}},"8":{"start":{"line":9,"column":0},"end":{"line":9,"column":65}},"9":{"start":{"line":10,"column":0},"end":{"line":10,"column":61}},"10":{"start":{"line":11,"column":0},"end":{"line":11,"column":65}},"11":{"start":{"line":12,"column":0},"end":{"line":12,"column":79}},"12":{"start":{"line":13,"column":0},"end":{"line":17,"column":2}},"13":{"start":{"line":18,"column":0},"end":{"line":22,"column":2}},"14":{"start":{"line":23,"column":0},"end":{"line":27,"column":2}},"15":{"start":{"line":29,"column":0},"end":{"line":29,"column":24}}},"fnMap":{},"branchMap":{},"s":{"0":1,"1":1,"2":1,"3":1,"4":1,"5":1,"6":1,"7":1,"8":1,"9":1,"10":1,"11":1,"12":1,"13":1,"14":1,"15":1},"f":{},"b":{},"_coverageSchema":"1a1c01bbd47fc00a2c39e90264f33305004495a9","hash":"f37b581095c3e1d97fc2af23f46bff42747eb78a"}
,"C:\\laragon\\www\\ProjetGithub\\be-moovie-project\\server\\services\\auth.services.js": {"path":"C:\\laragon\\www\\ProjetGithub\\be-moovie-project\\server\\services\\auth.services.js","statementMap":{"0":{"start":{"line":1,"column":15},"end":{"line":1,"column":32}},"1":{"start":{"line":2,"column":12},"end":{"line":2,"column":35}},"2":{"start":{"line":3,"column":26},"end":{"line":3,"column":65}},"3":{"start":{"line":4,"column":14},"end":{"line":4,"column":30}},"4":{"start":{"line":6,"column":0},"end":{"line":8,"column":2}},"5":{"start":{"line":7,"column":2},"end":{"line":7,"column":48}},"6":{"start":{"line":10,"column":0},"end":{"line":14,"column":2}},"7":{"start":{"line":11,"column":2},"end":{"line":13,"column":5}},"8":{"start":{"line":16,"column":0},"end":{"line":45,"column":2}},"9":{"start":{"line":17,"column":17},"end":{"line":19,"column":4}},"10":{"start":{"line":21,"column":2},"end":{"line":37,"column":3}},"11":{"start":{"line":22,"column":4},"end":{"line":34,"column":9}},"12":{"start":{"line":33,"column":8},"end":{"line":33,"column":39}},"13":{"start":{"line":36,"column":4},"end":{"line":36,"column":11}},"14":{"start":{"line":38,"column":16},"end":{"line":41,"column":4}},"15":{"start":{"line":42,"column":2},"end":{"line":44,"column":5}},"16":{"start":{"line":43,"column":4},"end":{"line":43,"column":34}}},"fnMap":{"0":{"name":"(anonymous_0)","decl":{"start":{"line":6,"column":31},"end":{"line":6,"column":32}},"loc":{"start":{"line":6,"column":37},"end":{"line":8,"column":1}},"line":6},"1":{"name":"(anonymous_1)","decl":{"start":{"line":10,"column":22},"end":{"line":10,"column":23}},"loc":{"start":{"line":10,"column":30},"end":{"line":14,"column":1}},"line":10},"2":{"name":"(anonymous_2)","decl":{"start":{"line":16,"column":26},"end":{"line":16,"column":27}},"loc":{"start":{"line":16,"column":59},"end":{"line":45,"column":1}},"line":16},"3":{"name":"(anonymous_3)","decl":{"start":{"line":32,"column":13},"end":{"line":32,"column":14}},"loc":{"start":{"line":32,"column":24},"end":{"line":34,"column":7}},"line":32},"4":{"name":"(anonymous_4)","decl":{"start":{"line":42,"column":20},"end":{"line":42,"column":21}},"loc":{"start":{"line":42,"column":26},"end":{"line":44,"column":3}},"line":42}},"branchMap":{"0":{"loc":{"start":{"line":21,"column":2},"end":{"line":37,"column":3}},"type":"if","locations":[{"start":{"line":21,"column":2},"end":{"line":37,"column":3}},{"start":{"line":21,"column":2},"end":{"line":37,"column":3}}],"line":21}},"s":{"0":1,"1":1,"2":1,"3":1,"4":1,"5":0,"6":1,"7":0,"8":1,"9":0,"10":0,"11":0,"12":0,"13":0,"14":0,"15":0,"16":0},"f":{"0":0,"1":0,"2":0,"3":0,"4":0},"b":{"0":[0,0]},"_coverageSchema":"1a1c01bbd47fc00a2c39e90264f33305004495a9","hash":"ae6dea4dd5c71ecccaf4e367345401191062f421"}
,"C:\\laragon\\www\\ProjetGithub\\be-moovie-project\\server\\services\\user.services.js": {"path":"C:\\laragon\\www\\ProjetGithub\\be-moovie-project\\server\\services\\user.services.js","statementMap":{"0":{"start":{"line":1,"column":17},"end":{"line":1,"column":35}},"1":{"start":{"line":2,"column":12},"end":{"line":2,"column":35}},"2":{"start":{"line":3,"column":18},"end":{"line":3,"column":49}},"3":{"start":{"line":9,"column":0},"end":{"line":12,"column":2}},"4":{"start":{"line":10,"column":17},"end":{"line":10,"column":41}},"5":{"start":{"line":11,"column":2},"end":{"line":11,"column":16}}},"fnMap":{"0":{"name":"(anonymous_0)","decl":{"start":{"line":9,"column":20},"end":{"line":9,"column":21}},"loc":{"start":{"line":9,"column":31},"end":{"line":12,"column":1}},"line":9}},"branchMap":{},"s":{"0":1,"1":1,"2":1,"3":1,"4":0,"5":0},"f":{"0":0},"b":{},"_coverageSchema":"1a1c01bbd47fc00a2c39e90264f33305004495a9","hash":"fc2045dd78e237f6661df93f4e400e12832e551d"}
}
