TN:
SF:server\controllers\auth.controller.js
FN:10,(anonymous_0)
FN:24,(anonymous_1)
FN:34,(anonymous_2)
FN:37,(anonymous_3)
FN:41,(anonymous_4)
FN:49,(anonymous_5)
FN:54,(anonymous_6)
FN:60,(anonymous_7)
FN:73,(anonymous_8)
FN:77,(anonymous_9)
FNF:10
FNH:0
FNDA:0,(anonymous_0)
FNDA:0,(anonymous_1)
FNDA:0,(anonymous_2)
FNDA:0,(anonymous_3)
FNDA:0,(anonymous_4)
FNDA:0,(anonymous_5)
FNDA:0,(anonymous_6)
FNDA:0,(anonymous_7)
FNDA:0,(anonymous_8)
FNDA:0,(anonymous_9)
DA:1,1
DA:2,1
DA:3,1
DA:8,1
DA:10,1
DA:11,0
DA:12,0
DA:13,0
DA:14,0
DA:15,0
DA:16,0
DA:18,0
DA:19,0
DA:20,0
DA:22,0
DA:25,0
DA:32,0
DA:35,0
DA:38,0
DA:42,0
DA:45,0
DA:49,1
DA:50,0
DA:51,0
DA:53,0
DA:55,0
DA:56,0
DA:58,0
DA:61,0
DA:62,0
DA:64,0
DA:65,0
DA:70,0
DA:71,0
DA:74,0
DA:77,0
LF:36
LH:6
BRDA:19,0,0,0
BRDA:19,0,1,0
BRDA:55,1,0,0
BRDA:55,1,1,0
BRDA:61,2,0,0
BRDA:61,2,1,0
BRF:6
BRH:0
end_of_record
TN:
SF:server\controllers\token.controller.js
FN:11,(anonymous_0)
FN:16,(anonymous_1)
FN:23,(anonymous_2)
FN:30,(anonymous_3)
FN:36,(anonymous_4)
FN:39,(anonymous_5)
FN:40,(anonymous_6)
FN:42,(anonymous_7)
FNF:8
FNH:0
FNDA:0,(anonymous_0)
FNDA:0,(anonymous_1)
FNDA:0,(anonymous_2)
FNDA:0,(anonymous_3)
FNDA:0,(anonymous_4)
FNDA:0,(anonymous_5)
FNDA:0,(anonymous_6)
FNDA:0,(anonymous_7)
DA:1,1
DA:6,1
DA:11,1
DA:12,0
DA:14,0
DA:17,0
DA:18,0
DA:19,0
DA:20,0
DA:21,0
DA:23,0
DA:24,0
DA:30,1
DA:31,0
DA:32,0
DA:37,0
DA:39,0
DA:40,0
DA:42,0
LF:19
LH:4
BRF:0
BRH:0
end_of_record
TN:
SF:server\middlewares\auth.middleware.js
FN:3,(anonymous_0)
FNF:1
FNH:0
FNDA:0,(anonymous_0)
DA:1,1
DA:3,1
DA:4,0
DA:5,0
DA:6,0
DA:7,0
DA:9,0
DA:10,0
DA:12,0
DA:15,0
LF:10
LH:2
BRDA:9,0,0,0
BRDA:9,0,1,0
BRDA:9,1,0,0
BRDA:9,1,1,0
BRF:4
BRH:0
end_of_record
TN:
SF:server\models\refreshToken.model.js
FNF:0
FNH:0
DA:1,1
DA:3,1
DA:26,1
LF:3
LH:3
BRF:0
BRH:0
end_of_record
TN:
SF:server\models\user.model.js
FNF:0
FNH:0
DA:1,1
DA:2,1
DA:3,1
DA:5,1
DA:71,1
DA:73,1
LF:6
LH:6
BRF:0
BRH:0
end_of_record
TN:
SF:server\routes\auth.route.js
FNF:0
FNH:0
DA:1,1
DA:2,1
DA:3,1
DA:4,1
DA:5,1
DA:7,1
DA:8,1
DA:9,1
DA:10,1
DA:12,1
LF:10
LH:10
BRF:0
BRH:0
end_of_record
TN:
SF:server\services\auth.services.js
FN:6,(anonymous_0)
FN:10,(anonymous_1)
FN:16,(anonymous_2)
FN:31,(anonymous_3)
FN:34,(anonymous_4)
FN:42,(anonymous_5)
FNF:6
FNH:0
FNDA:0,(anonymous_0)
FNDA:0,(anonymous_1)
FNDA:0,(anonymous_2)
FNDA:0,(anonymous_3)
FNDA:0,(anonymous_4)
FNDA:0,(anonymous_5)
DA:1,1
DA:2,1
DA:3,1
DA:4,1
DA:6,1
DA:7,0
DA:10,1
DA:11,0
DA:16,1
DA:17,0
DA:21,0
DA:22,0
DA:32,0
DA:34,0
DA:36,0
DA:38,0
DA:42,0
DA:43,0
LF:18
LH:7
BRDA:21,0,0,0
BRDA:21,0,1,0
BRF:2
BRH:0
end_of_record
